23:13:02 INFO  : Registering command handlers for SDK TCF services
23:13:03 INFO  : Launching XSCT server: xsct.bat -interactive E:\xujinyi\test\spartan_cam_2\spartan_cam\spartan_cam.sdk\temp_xsdb_launch_script.tcl
23:13:06 INFO  : XSCT server has started successfully.
23:13:07 INFO  : Successfully done setting XSCT server connection channel  
23:13:07 INFO  : Processing command line option -hwspec E:/xujinyi/test/spartan_cam_2/spartan_cam/spartan_cam.sdk/system_wrapper.hdf.
23:13:07 INFO  : Successfully done setting SDK workspace  
23:16:41 INFO  : 'targets -set -filter {jtag_cable_name =~ "Platform Cable USB 000016386ca501" && level==0} -index 0' command is executed.
23:16:41 INFO  : 'fpga -state' command is executed.
23:16:41 INFO  : Connected to target on host '127.0.0.1' and port '3121'.
23:16:42 INFO  : Jtag cable 'Platform Cable USB 000016386ca501' is selected.
23:16:42 INFO  : 'jtag frequency' command is executed.
23:16:42 INFO  : 'configparams mdm-detect-bscan-mask 2' command is executed.
23:16:42 INFO  : Context for processor 'microblaze_0' is selected.
23:16:42 INFO  : Processor reset is completed for 'microblaze_0'.
23:16:42 INFO  : Context for processor 'microblaze_0' is selected.
23:16:42 INFO  : The application 'E:/xujinyi/test/spartan_cam_2/spartan_cam/spartan_cam.sdk/PID_Test/Debug/PID_Test.elf' is downloaded to processor 'microblaze_0'.
23:16:42 INFO  : ----------------XSDB Script----------------
connect -url tcp:127.0.0.1:3121
configparams mdm-detect-bscan-mask 2
targets -set -nocase -filter {name =~ "microblaze*#0" && bscan=="USER2"  && jtag_cable_name =~ "Platform Cable USB 000016386ca501"} -index 0
rst -processor
targets -set -nocase -filter {name =~ "microblaze*#0" && bscan=="USER2"  && jtag_cable_name =~ "Platform Cable USB 000016386ca501"} -index 0
dow E:/xujinyi/test/spartan_cam_2/spartan_cam/spartan_cam.sdk/PID_Test/Debug/PID_Test.elf
----------------End of Script----------------

23:16:42 INFO  : Memory regions updated for context MicroBlaze #0
23:16:42 INFO  : Memory regions updated for context MicroBlaze #0
23:16:42 INFO  : Context for processor 'microblaze_0' is selected.
23:16:42 INFO  : 'con' command is executed.
23:16:42 INFO  : ----------------XSDB Script (After Launch)----------------
targets -set -nocase -filter {name =~ "microblaze*#0" && bscan=="USER2"  && jtag_cable_name =~ "Platform Cable USB 000016386ca501"} -index 0
con
----------------End of Script----------------

23:16:42 INFO  : Launch script is exported to file 'E:\xujinyi\test\spartan_cam_2\spartan_cam\spartan_cam.sdk\.sdk\launch_scripts\xilinx_c-c++_application_(system_debugger)\system_debugger_using_debug_pid_test.elf_on_local.tcl'
23:17:59 INFO  : Disconnected from the channel tcfchan#1.
23:18:00 INFO  : 'targets -set -filter {jtag_cable_name =~ "Platform Cable USB 000016386ca501" && level==0} -index 0' command is executed.
23:18:00 INFO  : 'fpga -state' command is executed.
23:18:00 INFO  : Connected to target on host '127.0.0.1' and port '3121'.
23:18:01 INFO  : Jtag cable 'Platform Cable USB 000016386ca501' is selected.
23:18:01 INFO  : 'jtag frequency' command is executed.
23:18:01 INFO  : 'configparams mdm-detect-bscan-mask 2' command is executed.
23:18:01 INFO  : Context for processor 'microblaze_0' is selected.
23:18:01 INFO  : Processor reset is completed for 'microblaze_0'.
23:18:01 INFO  : Context for processor 'microblaze_0' is selected.
23:18:01 INFO  : The application 'E:/xujinyi/test/spartan_cam_2/spartan_cam/spartan_cam.sdk/PID_Test/Debug/PID_Test.elf' is downloaded to processor 'microblaze_0'.
23:18:01 INFO  : ----------------XSDB Script----------------
connect -url tcp:127.0.0.1:3121
configparams mdm-detect-bscan-mask 2
targets -set -nocase -filter {name =~ "microblaze*#0" && bscan=="USER2"  && jtag_cable_name =~ "Platform Cable USB 000016386ca501"} -index 0
rst -processor
targets -set -nocase -filter {name =~ "microblaze*#0" && bscan=="USER2"  && jtag_cable_name =~ "Platform Cable USB 000016386ca501"} -index 0
dow E:/xujinyi/test/spartan_cam_2/spartan_cam/spartan_cam.sdk/PID_Test/Debug/PID_Test.elf
----------------End of Script----------------

23:18:01 INFO  : Memory regions updated for context MicroBlaze #0
23:18:01 INFO  : Memory regions updated for context MicroBlaze #0
23:18:01 INFO  : Context for processor 'microblaze_0' is selected.
23:18:01 INFO  : 'con' command is executed.
23:18:01 INFO  : ----------------XSDB Script (After Launch)----------------
targets -set -nocase -filter {name =~ "microblaze*#0" && bscan=="USER2"  && jtag_cable_name =~ "Platform Cable USB 000016386ca501"} -index 0
con
----------------End of Script----------------

23:18:01 INFO  : Launch script is exported to file 'E:\xujinyi\test\spartan_cam_2\spartan_cam\spartan_cam.sdk\.sdk\launch_scripts\xilinx_c-c++_application_(system_debugger)\system_debugger_using_debug_pid_test.elf_on_local.tcl'
23:27:18 INFO  : Disconnected from the channel tcfchan#2.
23:27:19 INFO  : Connected to target on host '127.0.0.1' and port '3121'.
23:27:20 INFO  : Jtag cable 'Platform Cable USB 000016386ca501' is selected.
23:27:20 INFO  : 'jtag frequency' command is executed.
23:27:20 INFO  : 'targets -set -filter {jtag_cable_name =~ "Platform Cable USB 000016386ca501" && level==0} -index 0' command is executed.
23:27:21 INFO  : FPGA configured successfully with bitstream "E:/xujinyi/test/spartan_cam_2/spartan_cam/spartan_cam.sdk/system_wrapper_hw_platform_0/system_wrapper.bit"
23:27:21 INFO  : 'configparams mdm-detect-bscan-mask 2' command is executed.
23:27:21 INFO  : Context for processor 'microblaze_0' is selected.
23:27:21 INFO  : System reset is completed.
23:27:24 INFO  : 'after 3000' command is executed.
23:27:24 INFO  : Context for processor 'microblaze_0' is selected.
23:27:25 INFO  : The application 'E:/xujinyi/test/spartan_cam_2/spartan_cam/spartan_cam.sdk/PID_Test/Debug/PID_Test.elf' is downloaded to processor 'microblaze_0'.
23:27:25 INFO  : ----------------XSDB Script----------------
connect -url tcp:127.0.0.1:3121
targets -set -filter {jtag_cable_name =~ "Platform Cable USB 000016386ca501" && level==0} -index 0
fpga -file E:/xujinyi/test/spartan_cam_2/spartan_cam/spartan_cam.sdk/system_wrapper_hw_platform_0/system_wrapper.bit
configparams mdm-detect-bscan-mask 2
targets -set -nocase -filter {name =~ "microblaze*#0" && bscan=="USER2"  && jtag_cable_name =~ "Platform Cable USB 000016386ca501"} -index 0
rst -system
after 3000
targets -set -nocase -filter {name =~ "microblaze*#0" && bscan=="USER2"  && jtag_cable_name =~ "Platform Cable USB 000016386ca501"} -index 0
dow E:/xujinyi/test/spartan_cam_2/spartan_cam/spartan_cam.sdk/PID_Test/Debug/PID_Test.elf
----------------End of Script----------------

23:27:25 INFO  : Memory regions updated for context MicroBlaze #0
23:27:25 INFO  : Memory regions updated for context MicroBlaze #0
23:27:25 INFO  : Context for processor 'microblaze_0' is selected.
23:27:26 INFO  : 'con' command is executed.
23:27:26 INFO  : ----------------XSDB Script (After Launch)----------------
targets -set -nocase -filter {name =~ "microblaze*#0" && bscan=="USER2"  && jtag_cable_name =~ "Platform Cable USB 000016386ca501"} -index 0
con
----------------End of Script----------------

23:27:26 INFO  : Launch script is exported to file 'E:\xujinyi\test\spartan_cam_2\spartan_cam\spartan_cam.sdk\.sdk\launch_scripts\xilinx_c-c++_application_(system_debugger)\system_debugger_using_debug_pid_test.elf_on_local.tcl'
23:28:00 INFO  : Disconnected from the channel tcfchan#3.
23:28:01 INFO  : Connected to target on host '127.0.0.1' and port '3121'.
23:28:01 INFO  : Jtag cable 'Platform Cable USB 000016386ca501' is selected.
23:28:01 INFO  : 'jtag frequency' command is executed.
23:28:01 INFO  : 'targets -set -filter {jtag_cable_name =~ "Platform Cable USB 000016386ca501" && level==0} -index 0' command is executed.
23:28:03 INFO  : FPGA configured successfully with bitstream "E:/xujinyi/test/spartan_cam_2/spartan_cam/spartan_cam.sdk/system_wrapper_hw_platform_0/system_wrapper.bit"
23:28:03 INFO  : 'configparams mdm-detect-bscan-mask 2' command is executed.
23:28:03 INFO  : Context for processor 'microblaze_0' is selected.
23:28:03 INFO  : System reset is completed.
23:28:06 INFO  : 'after 3000' command is executed.
23:28:06 INFO  : Context for processor 'microblaze_0' is selected.
23:28:06 INFO  : The application 'E:/xujinyi/test/spartan_cam_2/spartan_cam/spartan_cam.sdk/PID_Test/Debug/PID_Test.elf' is downloaded to processor 'microblaze_0'.
23:28:06 INFO  : ----------------XSDB Script----------------
connect -url tcp:127.0.0.1:3121
targets -set -filter {jtag_cable_name =~ "Platform Cable USB 000016386ca501" && level==0} -index 0
fpga -file E:/xujinyi/test/spartan_cam_2/spartan_cam/spartan_cam.sdk/system_wrapper_hw_platform_0/system_wrapper.bit
configparams mdm-detect-bscan-mask 2
targets -set -nocase -filter {name =~ "microblaze*#0" && bscan=="USER2"  && jtag_cable_name =~ "Platform Cable USB 000016386ca501"} -index 0
rst -system
after 3000
targets -set -nocase -filter {name =~ "microblaze*#0" && bscan=="USER2"  && jtag_cable_name =~ "Platform Cable USB 000016386ca501"} -index 0
dow E:/xujinyi/test/spartan_cam_2/spartan_cam/spartan_cam.sdk/PID_Test/Debug/PID_Test.elf
----------------End of Script----------------

23:28:06 INFO  : Memory regions updated for context MicroBlaze #0
23:28:06 INFO  : Memory regions updated for context MicroBlaze #0
23:28:07 INFO  : Context for processor 'microblaze_0' is selected.
23:28:07 INFO  : 'con' command is executed.
23:28:07 INFO  : ----------------XSDB Script (After Launch)----------------
targets -set -nocase -filter {name =~ "microblaze*#0" && bscan=="USER2"  && jtag_cable_name =~ "Platform Cable USB 000016386ca501"} -index 0
con
----------------End of Script----------------

23:28:07 INFO  : Launch script is exported to file 'E:\xujinyi\test\spartan_cam_2\spartan_cam\spartan_cam.sdk\.sdk\launch_scripts\xilinx_c-c++_application_(system_debugger)\system_debugger_using_debug_pid_test.elf_on_local.tcl'
23:28:56 INFO  : Disconnected from the channel tcfchan#4.
23:28:57 INFO  : Connected to target on host '127.0.0.1' and port '3121'.
23:28:57 INFO  : Jtag cable 'Platform Cable USB 000016386ca501' is selected.
23:28:57 INFO  : 'jtag frequency' command is executed.
23:28:57 INFO  : 'targets -set -filter {jtag_cable_name =~ "Platform Cable USB 000016386ca501" && level==0} -index 0' command is executed.
23:28:59 INFO  : FPGA configured successfully with bitstream "E:/xujinyi/test/spartan_cam_2/spartan_cam/spartan_cam.sdk/system_wrapper_hw_platform_0/system_wrapper.bit"
23:28:59 INFO  : 'configparams mdm-detect-bscan-mask 2' command is executed.
23:28:59 INFO  : Context for processor 'microblaze_0' is selected.
23:28:59 INFO  : System reset is completed.
23:29:02 INFO  : 'after 3000' command is executed.
23:29:02 INFO  : Context for processor 'microblaze_0' is selected.
23:29:02 INFO  : The application 'E:/xujinyi/test/spartan_cam_2/spartan_cam/spartan_cam.sdk/PID_Test/Debug/PID_Test.elf' is downloaded to processor 'microblaze_0'.
23:29:02 INFO  : ----------------XSDB Script----------------
connect -url tcp:127.0.0.1:3121
targets -set -filter {jtag_cable_name =~ "Platform Cable USB 000016386ca501" && level==0} -index 0
fpga -file E:/xujinyi/test/spartan_cam_2/spartan_cam/spartan_cam.sdk/system_wrapper_hw_platform_0/system_wrapper.bit
configparams mdm-detect-bscan-mask 2
targets -set -nocase -filter {name =~ "microblaze*#0" && bscan=="USER2"  && jtag_cable_name =~ "Platform Cable USB 000016386ca501"} -index 0
rst -system
after 3000
targets -set -nocase -filter {name =~ "microblaze*#0" && bscan=="USER2"  && jtag_cable_name =~ "Platform Cable USB 000016386ca501"} -index 0
dow E:/xujinyi/test/spartan_cam_2/spartan_cam/spartan_cam.sdk/PID_Test/Debug/PID_Test.elf
----------------End of Script----------------

23:29:02 INFO  : Memory regions updated for context MicroBlaze #0
23:29:02 INFO  : Memory regions updated for context MicroBlaze #0
23:29:03 INFO  : Context for processor 'microblaze_0' is selected.
23:29:03 INFO  : 'con' command is executed.
23:29:03 INFO  : ----------------XSDB Script (After Launch)----------------
targets -set -nocase -filter {name =~ "microblaze*#0" && bscan=="USER2"  && jtag_cable_name =~ "Platform Cable USB 000016386ca501"} -index 0
con
----------------End of Script----------------

23:29:03 INFO  : Launch script is exported to file 'E:\xujinyi\test\spartan_cam_2\spartan_cam\spartan_cam.sdk\.sdk\launch_scripts\xilinx_c-c++_application_(system_debugger)\system_debugger_using_debug_pid_test.elf_on_local.tcl'
00:20:37 INFO  : Disconnected from the channel tcfchan#5.
00:20:38 INFO  : Connected to target on host '127.0.0.1' and port '3121'.
00:20:38 INFO  : Jtag cable 'Platform Cable USB 000016386ca501' is selected.
00:20:38 INFO  : 'jtag frequency' command is executed.
00:20:38 INFO  : 'targets -set -filter {jtag_cable_name =~ "Platform Cable USB 000016386ca501" && level==0} -index 0' command is executed.
00:20:39 INFO  : FPGA configured successfully with bitstream "E:/xujinyi/test/spartan_cam_2/spartan_cam/spartan_cam.sdk/system_wrapper_hw_platform_0/system_wrapper.bit"
00:20:39 INFO  : 'configparams mdm-detect-bscan-mask 2' command is executed.
00:20:39 INFO  : Context for processor 'microblaze_0' is selected.
00:20:40 INFO  : System reset is completed.
00:20:43 INFO  : 'after 3000' command is executed.
00:20:43 INFO  : Context for processor 'microblaze_0' is selected.
00:20:43 INFO  : The application 'E:/xujinyi/test/spartan_cam_2/spartan_cam/spartan_cam.sdk/PID_Test/Debug/PID_Test.elf' is downloaded to processor 'microblaze_0'.
00:20:43 INFO  : ----------------XSDB Script----------------
connect -url tcp:127.0.0.1:3121
targets -set -filter {jtag_cable_name =~ "Platform Cable USB 000016386ca501" && level==0} -index 0
fpga -file E:/xujinyi/test/spartan_cam_2/spartan_cam/spartan_cam.sdk/system_wrapper_hw_platform_0/system_wrapper.bit
configparams mdm-detect-bscan-mask 2
targets -set -nocase -filter {name =~ "microblaze*#0" && bscan=="USER2"  && jtag_cable_name =~ "Platform Cable USB 000016386ca501"} -index 0
rst -system
after 3000
targets -set -nocase -filter {name =~ "microblaze*#0" && bscan=="USER2"  && jtag_cable_name =~ "Platform Cable USB 000016386ca501"} -index 0
dow E:/xujinyi/test/spartan_cam_2/spartan_cam/spartan_cam.sdk/PID_Test/Debug/PID_Test.elf
----------------End of Script----------------

00:20:43 INFO  : Memory regions updated for context MicroBlaze #0
00:20:43 INFO  : Memory regions updated for context MicroBlaze #0
00:20:44 INFO  : Context for processor 'microblaze_0' is selected.
00:20:44 INFO  : 'con' command is executed.
00:20:44 INFO  : ----------------XSDB Script (After Launch)----------------
targets -set -nocase -filter {name =~ "microblaze*#0" && bscan=="USER2"  && jtag_cable_name =~ "Platform Cable USB 000016386ca501"} -index 0
con
----------------End of Script----------------

00:20:44 INFO  : Launch script is exported to file 'E:\xujinyi\test\spartan_cam_2\spartan_cam\spartan_cam.sdk\.sdk\launch_scripts\xilinx_c-c++_application_(system_debugger)\system_debugger_using_debug_pid_test.elf_on_local.tcl'
00:53:23 INFO  : Disconnected from the channel tcfchan#6.
