
*** Running vivado
    with args -log system_detect_0_0.vds -m64 -product Vivado -mode batch -messageDb vivado.pb -notrace -source system_detect_0_0.tcl


****** Vivado v2018.2 (64-bit)
  **** SW Build 2258646 on Thu Jun 14 20:03:12 MDT 2018
  **** IP Build 2256618 on Thu Jun 14 22:10:49 MDT 2018
    ** Copyright 1986-2018 Xilinx, Inc. All Rights Reserved.

source system_detect_0_0.tcl -notrace
Command: synth_design -top system_detect_0_0 -part xc7s15ftgb196-1 -mode out_of_context
Starting synth_design
Attempting to get a license for feature 'Synthesis' and/or device 'xc7s15'
INFO: [Common 17-349] Got license for feature 'Synthesis' and/or device 'xc7s15'
INFO: Launching helper process for spawning children vivado processes
INFO: Helper process launched with PID 5096 
---------------------------------------------------------------------------------
Starting RTL Elaboration : Time (s): cpu = 00:00:04 ; elapsed = 00:00:04 . Memory (MB): peak = 450.957 ; gain = 104.926
---------------------------------------------------------------------------------
INFO: [Synth 8-6157] synthesizing module 'system_detect_0_0' [e:/xujinyi/test/spartan_cam_2/spartan_cam/spartan_cam.srcs/sources_1/bd/system/ip/system_detect_0_0/synth/system_detect_0_0.v:58]
INFO: [Synth 8-6157] synthesizing module 'detect' [e:/xujinyi/test/spartan_cam_2/spartan_cam/spartan_cam.srcs/sources_1/bd/system/ipshared/690e/hdl/verilog/detect.v:12]
INFO: [Synth 8-6157] synthesizing module 'Block_Mat_exit6_proc' [e:/xujinyi/test/spartan_cam_2/spartan_cam/spartan_cam.srcs/sources_1/bd/system/ipshared/690e/hdl/verilog/Block_Mat_exit6_proc.v:10]
	Parameter ap_ST_fsm_state1 bound to: 1'b1 
INFO: [Synth 8-5534] Detected attribute (* fsm_encoding = "none" *) [e:/xujinyi/test/spartan_cam_2/spartan_cam/spartan_cam.srcs/sources_1/bd/system/ipshared/690e/hdl/verilog/Block_Mat_exit6_proc.v:53]
INFO: [Synth 8-6155] done synthesizing module 'Block_Mat_exit6_proc' (1#1) [e:/xujinyi/test/spartan_cam_2/spartan_cam/spartan_cam.srcs/sources_1/bd/system/ipshared/690e/hdl/verilog/Block_Mat_exit6_proc.v:10]
INFO: [Synth 8-6157] synthesizing module 'AXIvideo2Mat' [e:/xujinyi/test/spartan_cam_2/spartan_cam/spartan_cam.srcs/sources_1/bd/system/ipshared/690e/hdl/verilog/AXIvideo2Mat.v:10]
	Parameter ap_ST_fsm_state1 bound to: 8'b00000001 
	Parameter ap_ST_fsm_state2 bound to: 8'b00000010 
	Parameter ap_ST_fsm_state3 bound to: 8'b00000100 
	Parameter ap_ST_fsm_state4 bound to: 8'b00001000 
	Parameter ap_ST_fsm_pp1_stage0 bound to: 8'b00010000 
	Parameter ap_ST_fsm_state7 bound to: 8'b00100000 
	Parameter ap_ST_fsm_pp2_stage0 bound to: 8'b01000000 
	Parameter ap_ST_fsm_state10 bound to: 8'b10000000 
INFO: [Synth 8-5534] Detected attribute (* fsm_encoding = "none" *) [e:/xujinyi/test/spartan_cam_2/spartan_cam/spartan_cam.srcs/sources_1/bd/system/ipshared/690e/hdl/verilog/AXIvideo2Mat.v:117]
INFO: [Synth 8-6155] done synthesizing module 'AXIvideo2Mat' (2#1) [e:/xujinyi/test/spartan_cam_2/spartan_cam/spartan_cam.srcs/sources_1/bd/system/ipshared/690e/hdl/verilog/AXIvideo2Mat.v:10]
INFO: [Synth 8-6157] synthesizing module 'CvtColor' [e:/xujinyi/test/spartan_cam_2/spartan_cam/spartan_cam.srcs/sources_1/bd/system/ipshared/690e/hdl/verilog/CvtColor.v:10]
	Parameter ap_ST_fsm_state1 bound to: 4'b0001 
	Parameter ap_ST_fsm_state2 bound to: 4'b0010 
	Parameter ap_ST_fsm_pp0_stage0 bound to: 4'b0100 
	Parameter ap_ST_fsm_state8 bound to: 4'b1000 
INFO: [Synth 8-5534] Detected attribute (* fsm_encoding = "none" *) [e:/xujinyi/test/spartan_cam_2/spartan_cam/spartan_cam.srcs/sources_1/bd/system/ipshared/690e/hdl/verilog/CvtColor.v:88]
INFO: [Synth 8-6157] synthesizing module 'detect_mul_mul_8nbkb' [e:/xujinyi/test/spartan_cam_2/spartan_cam/spartan_cam.srcs/sources_1/bd/system/ipshared/690e/hdl/verilog/detect_mul_mul_8nbkb.v:14]
	Parameter ID bound to: 1 - type: integer 
	Parameter NUM_STAGE bound to: 1 - type: integer 
	Parameter din0_WIDTH bound to: 8 - type: integer 
	Parameter din1_WIDTH bound to: 22 - type: integer 
	Parameter dout_WIDTH bound to: 29 - type: integer 
INFO: [Synth 8-6157] synthesizing module 'detect_mul_mul_8nbkb_DSP48_0' [e:/xujinyi/test/spartan_cam_2/spartan_cam/spartan_cam.srcs/sources_1/bd/system/ipshared/690e/hdl/verilog/detect_mul_mul_8nbkb.v:4]
INFO: [Synth 8-6155] done synthesizing module 'detect_mul_mul_8nbkb_DSP48_0' (3#1) [e:/xujinyi/test/spartan_cam_2/spartan_cam/spartan_cam.srcs/sources_1/bd/system/ipshared/690e/hdl/verilog/detect_mul_mul_8nbkb.v:4]
INFO: [Synth 8-6155] done synthesizing module 'detect_mul_mul_8nbkb' (4#1) [e:/xujinyi/test/spartan_cam_2/spartan_cam/spartan_cam.srcs/sources_1/bd/system/ipshared/690e/hdl/verilog/detect_mul_mul_8nbkb.v:14]
INFO: [Synth 8-6157] synthesizing module 'detect_mac_muladdcud' [e:/xujinyi/test/spartan_cam_2/spartan_cam/spartan_cam.srcs/sources_1/bd/system/ipshared/690e/hdl/verilog/detect_mac_muladdcud.v:34]
	Parameter ID bound to: 1 - type: integer 
	Parameter NUM_STAGE bound to: 1 - type: integer 
	Parameter din0_WIDTH bound to: 8 - type: integer 
	Parameter din1_WIDTH bound to: 23 - type: integer 
	Parameter din2_WIDTH bound to: 29 - type: integer 
	Parameter dout_WIDTH bound to: 30 - type: integer 
INFO: [Synth 8-6157] synthesizing module 'detect_mac_muladdcud_DSP48_1' [e:/xujinyi/test/spartan_cam_2/spartan_cam/spartan_cam.srcs/sources_1/bd/system/ipshared/690e/hdl/verilog/detect_mac_muladdcud.v:10]
INFO: [Synth 8-6155] done synthesizing module 'detect_mac_muladdcud_DSP48_1' (5#1) [e:/xujinyi/test/spartan_cam_2/spartan_cam/spartan_cam.srcs/sources_1/bd/system/ipshared/690e/hdl/verilog/detect_mac_muladdcud.v:10]
INFO: [Synth 8-6155] done synthesizing module 'detect_mac_muladdcud' (6#1) [e:/xujinyi/test/spartan_cam_2/spartan_cam/spartan_cam.srcs/sources_1/bd/system/ipshared/690e/hdl/verilog/detect_mac_muladdcud.v:34]
INFO: [Synth 8-6157] synthesizing module 'detect_mac_muladddEe' [e:/xujinyi/test/spartan_cam_2/spartan_cam/spartan_cam.srcs/sources_1/bd/system/ipshared/690e/hdl/verilog/detect_mac_muladddEe.v:34]
	Parameter ID bound to: 1 - type: integer 
	Parameter NUM_STAGE bound to: 1 - type: integer 
	Parameter din0_WIDTH bound to: 8 - type: integer 
	Parameter din1_WIDTH bound to: 20 - type: integer 
	Parameter din2_WIDTH bound to: 29 - type: integer 
	Parameter dout_WIDTH bound to: 29 - type: integer 
INFO: [Synth 8-6157] synthesizing module 'detect_mac_muladddEe_DSP48_2' [e:/xujinyi/test/spartan_cam_2/spartan_cam/spartan_cam.srcs/sources_1/bd/system/ipshared/690e/hdl/verilog/detect_mac_muladddEe.v:10]
INFO: [Synth 8-6155] done synthesizing module 'detect_mac_muladddEe_DSP48_2' (7#1) [e:/xujinyi/test/spartan_cam_2/spartan_cam/spartan_cam.srcs/sources_1/bd/system/ipshared/690e/hdl/verilog/detect_mac_muladddEe.v:10]
INFO: [Synth 8-6155] done synthesizing module 'detect_mac_muladddEe' (8#1) [e:/xujinyi/test/spartan_cam_2/spartan_cam/spartan_cam.srcs/sources_1/bd/system/ipshared/690e/hdl/verilog/detect_mac_muladddEe.v:34]
WARNING: [Synth 8-589] replacing case/wildcard equality operator === with logical equality operator == [e:/xujinyi/test/spartan_cam_2/spartan_cam/spartan_cam.srcs/sources_1/bd/system/ipshared/690e/hdl/verilog/CvtColor.v:638]
INFO: [Synth 8-6155] done synthesizing module 'CvtColor' (9#1) [e:/xujinyi/test/spartan_cam_2/spartan_cam/spartan_cam.srcs/sources_1/bd/system/ipshared/690e/hdl/verilog/CvtColor.v:10]
INFO: [Synth 8-6157] synthesizing module 'segment' [e:/xujinyi/test/spartan_cam_2/spartan_cam/spartan_cam.srcs/sources_1/bd/system/ipshared/690e/hdl/verilog/segment.v:10]
	Parameter ap_ST_fsm_state1 bound to: 6'b000001 
	Parameter ap_ST_fsm_pp0_stage0 bound to: 6'b000010 
	Parameter ap_ST_fsm_state4 bound to: 6'b000100 
	Parameter ap_ST_fsm_state5 bound to: 6'b001000 
	Parameter ap_ST_fsm_state6 bound to: 6'b010000 
	Parameter ap_ST_fsm_state7 bound to: 6'b100000 
INFO: [Synth 8-5534] Detected attribute (* fsm_encoding = "none" *) [e:/xujinyi/test/spartan_cam_2/spartan_cam/spartan_cam.srcs/sources_1/bd/system/ipshared/690e/hdl/verilog/segment.v:49]
WARNING: [Synth 8-589] replacing case/wildcard equality operator === with logical equality operator == [e:/xujinyi/test/spartan_cam_2/spartan_cam/spartan_cam.srcs/sources_1/bd/system/ipshared/690e/hdl/verilog/segment.v:307]
WARNING: [Synth 8-589] replacing case/wildcard equality operator === with logical equality operator == [e:/xujinyi/test/spartan_cam_2/spartan_cam/spartan_cam.srcs/sources_1/bd/system/ipshared/690e/hdl/verilog/segment.v:309]
WARNING: [Synth 8-589] replacing case/wildcard equality operator === with logical equality operator == [e:/xujinyi/test/spartan_cam_2/spartan_cam/spartan_cam.srcs/sources_1/bd/system/ipshared/690e/hdl/verilog/segment.v:311]
WARNING: [Synth 8-589] replacing case/wildcard equality operator === with logical equality operator == [e:/xujinyi/test/spartan_cam_2/spartan_cam/spartan_cam.srcs/sources_1/bd/system/ipshared/690e/hdl/verilog/segment.v:367]
INFO: [Synth 8-6155] done synthesizing module 'segment' (10#1) [e:/xujinyi/test/spartan_cam_2/spartan_cam/spartan_cam.srcs/sources_1/bd/system/ipshared/690e/hdl/verilog/segment.v:10]
INFO: [Synth 8-6157] synthesizing module 'Block_Mat_exit610_pr' [e:/xujinyi/test/spartan_cam_2/spartan_cam/spartan_cam.srcs/sources_1/bd/system/ipshared/690e/hdl/verilog/Block_Mat_exit610_pr.v:10]
	Parameter ap_ST_fsm_state1 bound to: 1'b1 
INFO: [Synth 8-5534] Detected attribute (* fsm_encoding = "none" *) [e:/xujinyi/test/spartan_cam_2/spartan_cam/spartan_cam.srcs/sources_1/bd/system/ipshared/690e/hdl/verilog/Block_Mat_exit610_pr.v:40]
INFO: [Synth 8-6155] done synthesizing module 'Block_Mat_exit610_pr' (11#1) [e:/xujinyi/test/spartan_cam_2/spartan_cam/spartan_cam.srcs/sources_1/bd/system/ipshared/690e/hdl/verilog/Block_Mat_exit610_pr.v:10]
INFO: [Synth 8-6157] synthesizing module 'p_detectRoadSign_det' [e:/xujinyi/test/spartan_cam_2/spartan_cam/spartan_cam.srcs/sources_1/bd/system/ipshared/690e/hdl/verilog/p_detectRoadSign_det.v:10]
	Parameter ap_ST_fsm_state1 bound to: 1'b1 
INFO: [Synth 8-5534] Detected attribute (* fsm_encoding = "none" *) [e:/xujinyi/test/spartan_cam_2/spartan_cam/spartan_cam.srcs/sources_1/bd/system/ipshared/690e/hdl/verilog/p_detectRoadSign_det.v:40]
INFO: [Synth 8-6155] done synthesizing module 'p_detectRoadSign_det' (12#1) [e:/xujinyi/test/spartan_cam_2/spartan_cam/spartan_cam.srcs/sources_1/bd/system/ipshared/690e/hdl/verilog/p_detectRoadSign_det.v:10]
INFO: [Synth 8-6157] synthesizing module 'fifo_w32_d2_A' [e:/xujinyi/test/spartan_cam_2/spartan_cam/spartan_cam.srcs/sources_1/bd/system/ipshared/690e/hdl/verilog/fifo_w32_d2_A.v:45]
	Parameter MEM_STYLE bound to: shiftreg - type: string 
	Parameter DATA_WIDTH bound to: 32 - type: integer 
	Parameter ADDR_WIDTH bound to: 1 - type: integer 
	Parameter DEPTH bound to: 2'b10 
INFO: [Synth 8-6157] synthesizing module 'fifo_w32_d2_A_shiftReg' [e:/xujinyi/test/spartan_cam_2/spartan_cam/spartan_cam.srcs/sources_1/bd/system/ipshared/690e/hdl/verilog/fifo_w32_d2_A.v:11]
	Parameter DATA_WIDTH bound to: 32 - type: integer 
	Parameter ADDR_WIDTH bound to: 1 - type: integer 
	Parameter DEPTH bound to: 2'b10 
INFO: [Synth 8-6155] done synthesizing module 'fifo_w32_d2_A_shiftReg' (13#1) [e:/xujinyi/test/spartan_cam_2/spartan_cam/spartan_cam.srcs/sources_1/bd/system/ipshared/690e/hdl/verilog/fifo_w32_d2_A.v:11]
INFO: [Synth 8-6155] done synthesizing module 'fifo_w32_d2_A' (14#1) [e:/xujinyi/test/spartan_cam_2/spartan_cam/spartan_cam.srcs/sources_1/bd/system/ipshared/690e/hdl/verilog/fifo_w32_d2_A.v:45]
INFO: [Synth 8-6157] synthesizing module 'fifo_w8_d2_A' [e:/xujinyi/test/spartan_cam_2/spartan_cam/spartan_cam.srcs/sources_1/bd/system/ipshared/690e/hdl/verilog/fifo_w8_d2_A.v:45]
	Parameter MEM_STYLE bound to: shiftreg - type: string 
	Parameter DATA_WIDTH bound to: 8 - type: integer 
	Parameter ADDR_WIDTH bound to: 1 - type: integer 
	Parameter DEPTH bound to: 2'b10 
INFO: [Synth 8-6157] synthesizing module 'fifo_w8_d2_A_shiftReg' [e:/xujinyi/test/spartan_cam_2/spartan_cam/spartan_cam.srcs/sources_1/bd/system/ipshared/690e/hdl/verilog/fifo_w8_d2_A.v:11]
	Parameter DATA_WIDTH bound to: 8 - type: integer 
	Parameter ADDR_WIDTH bound to: 1 - type: integer 
	Parameter DEPTH bound to: 2'b10 
INFO: [Synth 8-6155] done synthesizing module 'fifo_w8_d2_A_shiftReg' (15#1) [e:/xujinyi/test/spartan_cam_2/spartan_cam/spartan_cam.srcs/sources_1/bd/system/ipshared/690e/hdl/verilog/fifo_w8_d2_A.v:11]
INFO: [Synth 8-6155] done synthesizing module 'fifo_w8_d2_A' (16#1) [e:/xujinyi/test/spartan_cam_2/spartan_cam/spartan_cam.srcs/sources_1/bd/system/ipshared/690e/hdl/verilog/fifo_w8_d2_A.v:45]
INFO: [Synth 8-6157] synthesizing module 'fifo_w2_d2_A' [e:/xujinyi/test/spartan_cam_2/spartan_cam/spartan_cam.srcs/sources_1/bd/system/ipshared/690e/hdl/verilog/fifo_w2_d2_A.v:45]
	Parameter MEM_STYLE bound to: shiftreg - type: string 
	Parameter DATA_WIDTH bound to: 2 - type: integer 
	Parameter ADDR_WIDTH bound to: 1 - type: integer 
	Parameter DEPTH bound to: 2'b10 
INFO: [Synth 8-6157] synthesizing module 'fifo_w2_d2_A_shiftReg' [e:/xujinyi/test/spartan_cam_2/spartan_cam/spartan_cam.srcs/sources_1/bd/system/ipshared/690e/hdl/verilog/fifo_w2_d2_A.v:11]
	Parameter DATA_WIDTH bound to: 2 - type: integer 
	Parameter ADDR_WIDTH bound to: 1 - type: integer 
	Parameter DEPTH bound to: 2'b10 
INFO: [Synth 8-6155] done synthesizing module 'fifo_w2_d2_A_shiftReg' (17#1) [e:/xujinyi/test/spartan_cam_2/spartan_cam/spartan_cam.srcs/sources_1/bd/system/ipshared/690e/hdl/verilog/fifo_w2_d2_A.v:11]
INFO: [Synth 8-6155] done synthesizing module 'fifo_w2_d2_A' (18#1) [e:/xujinyi/test/spartan_cam_2/spartan_cam/spartan_cam.srcs/sources_1/bd/system/ipshared/690e/hdl/verilog/fifo_w2_d2_A.v:45]
INFO: [Synth 8-6157] synthesizing module 'fifo_w4_d2_A' [e:/xujinyi/test/spartan_cam_2/spartan_cam/spartan_cam.srcs/sources_1/bd/system/ipshared/690e/hdl/verilog/fifo_w4_d2_A.v:45]
	Parameter MEM_STYLE bound to: shiftreg - type: string 
	Parameter DATA_WIDTH bound to: 4 - type: integer 
	Parameter ADDR_WIDTH bound to: 1 - type: integer 
	Parameter DEPTH bound to: 2'b10 
INFO: [Synth 8-6157] synthesizing module 'fifo_w4_d2_A_shiftReg' [e:/xujinyi/test/spartan_cam_2/spartan_cam/spartan_cam.srcs/sources_1/bd/system/ipshared/690e/hdl/verilog/fifo_w4_d2_A.v:11]
	Parameter DATA_WIDTH bound to: 4 - type: integer 
	Parameter ADDR_WIDTH bound to: 1 - type: integer 
	Parameter DEPTH bound to: 2'b10 
INFO: [Synth 8-6155] done synthesizing module 'fifo_w4_d2_A_shiftReg' (19#1) [e:/xujinyi/test/spartan_cam_2/spartan_cam/spartan_cam.srcs/sources_1/bd/system/ipshared/690e/hdl/verilog/fifo_w4_d2_A.v:11]
INFO: [Synth 8-6155] done synthesizing module 'fifo_w4_d2_A' (20#1) [e:/xujinyi/test/spartan_cam_2/spartan_cam/spartan_cam.srcs/sources_1/bd/system/ipshared/690e/hdl/verilog/fifo_w4_d2_A.v:45]
INFO: [Synth 8-6157] synthesizing module 'start_for_CvtColoeOg' [e:/xujinyi/test/spartan_cam_2/spartan_cam/spartan_cam.srcs/sources_1/bd/system/ipshared/690e/hdl/verilog/start_for_CvtColoeOg.v:45]
	Parameter MEM_STYLE bound to: shiftreg - type: string 
	Parameter DATA_WIDTH bound to: 1 - type: integer 
	Parameter ADDR_WIDTH bound to: 2 - type: integer 
	Parameter DEPTH bound to: 3'b011 
INFO: [Synth 8-6157] synthesizing module 'start_for_CvtColoeOg_shiftReg' [e:/xujinyi/test/spartan_cam_2/spartan_cam/spartan_cam.srcs/sources_1/bd/system/ipshared/690e/hdl/verilog/start_for_CvtColoeOg.v:11]
	Parameter DATA_WIDTH bound to: 1 - type: integer 
	Parameter ADDR_WIDTH bound to: 2 - type: integer 
	Parameter DEPTH bound to: 3'b011 
INFO: [Synth 8-6155] done synthesizing module 'start_for_CvtColoeOg_shiftReg' (21#1) [e:/xujinyi/test/spartan_cam_2/spartan_cam/spartan_cam.srcs/sources_1/bd/system/ipshared/690e/hdl/verilog/start_for_CvtColoeOg.v:11]
INFO: [Synth 8-6155] done synthesizing module 'start_for_CvtColoeOg' (22#1) [e:/xujinyi/test/spartan_cam_2/spartan_cam/spartan_cam.srcs/sources_1/bd/system/ipshared/690e/hdl/verilog/start_for_CvtColoeOg.v:45]
INFO: [Synth 8-6157] synthesizing module 'start_for_segmentfYi' [e:/xujinyi/test/spartan_cam_2/spartan_cam/spartan_cam.srcs/sources_1/bd/system/ipshared/690e/hdl/verilog/start_for_segmentfYi.v:45]
	Parameter MEM_STYLE bound to: shiftreg - type: string 
	Parameter DATA_WIDTH bound to: 1 - type: integer 
	Parameter ADDR_WIDTH bound to: 2 - type: integer 
	Parameter DEPTH bound to: 3'b011 
INFO: [Synth 8-6157] synthesizing module 'start_for_segmentfYi_shiftReg' [e:/xujinyi/test/spartan_cam_2/spartan_cam/spartan_cam.srcs/sources_1/bd/system/ipshared/690e/hdl/verilog/start_for_segmentfYi.v:11]
	Parameter DATA_WIDTH bound to: 1 - type: integer 
	Parameter ADDR_WIDTH bound to: 2 - type: integer 
	Parameter DEPTH bound to: 3'b011 
INFO: [Synth 8-6155] done synthesizing module 'start_for_segmentfYi_shiftReg' (23#1) [e:/xujinyi/test/spartan_cam_2/spartan_cam/spartan_cam.srcs/sources_1/bd/system/ipshared/690e/hdl/verilog/start_for_segmentfYi.v:11]
INFO: [Synth 8-6155] done synthesizing module 'start_for_segmentfYi' (24#1) [e:/xujinyi/test/spartan_cam_2/spartan_cam/spartan_cam.srcs/sources_1/bd/system/ipshared/690e/hdl/verilog/start_for_segmentfYi.v:45]
WARNING: [Synth 8-6014] Unused sequential element AXIvideo2Mat_U0_ap_ready_count_reg was removed.  [e:/xujinyi/test/spartan_cam_2/spartan_cam/spartan_cam.srcs/sources_1/bd/system/ipshared/690e/hdl/verilog/detect.v:495]
WARNING: [Synth 8-6014] Unused sequential element Block_Mat_exit6_proc_U0_ap_ready_count_reg was removed.  [e:/xujinyi/test/spartan_cam_2/spartan_cam/spartan_cam.srcs/sources_1/bd/system/ipshared/690e/hdl/verilog/detect.v:503]
INFO: [Synth 8-6155] done synthesizing module 'detect' (25#1) [e:/xujinyi/test/spartan_cam_2/spartan_cam/spartan_cam.srcs/sources_1/bd/system/ipshared/690e/hdl/verilog/detect.v:12]
INFO: [Synth 8-6155] done synthesizing module 'system_detect_0_0' (26#1) [e:/xujinyi/test/spartan_cam_2/spartan_cam/spartan_cam.srcs/sources_1/bd/system/ip/system_detect_0_0/synth/system_detect_0_0.v:58]
WARNING: [Synth 8-3331] design AXIvideo2Mat has unconnected port src_axi_TKEEP[2]
WARNING: [Synth 8-3331] design AXIvideo2Mat has unconnected port src_axi_TKEEP[1]
WARNING: [Synth 8-3331] design AXIvideo2Mat has unconnected port src_axi_TKEEP[0]
WARNING: [Synth 8-3331] design AXIvideo2Mat has unconnected port src_axi_TSTRB[2]
WARNING: [Synth 8-3331] design AXIvideo2Mat has unconnected port src_axi_TSTRB[1]
WARNING: [Synth 8-3331] design AXIvideo2Mat has unconnected port src_axi_TSTRB[0]
WARNING: [Synth 8-3331] design AXIvideo2Mat has unconnected port src_axi_TID[0]
WARNING: [Synth 8-3331] design AXIvideo2Mat has unconnected port src_axi_TDEST[0]
---------------------------------------------------------------------------------
Finished RTL Elaboration : Time (s): cpu = 00:00:06 ; elapsed = 00:00:06 . Memory (MB): peak = 506.949 ; gain = 160.918
---------------------------------------------------------------------------------

Report Check Netlist: 
+------+------------------+-------+---------+-------+------------------+
|      |Item              |Errors |Warnings |Status |Description       |
+------+------------------+-------+---------+-------+------------------+
|1     |multi_driven_nets |      0|        0|Passed |Multi driven nets |
+------+------------------+-------+---------+-------+------------------+
---------------------------------------------------------------------------------
Start Handling Custom Attributes
---------------------------------------------------------------------------------
---------------------------------------------------------------------------------
Finished Handling Custom Attributes : Time (s): cpu = 00:00:06 ; elapsed = 00:00:06 . Memory (MB): peak = 506.949 ; gain = 160.918
---------------------------------------------------------------------------------
---------------------------------------------------------------------------------
Finished RTL Optimization Phase 1 : Time (s): cpu = 00:00:06 ; elapsed = 00:00:06 . Memory (MB): peak = 506.949 ; gain = 160.918
---------------------------------------------------------------------------------
INFO: [Device 21-403] Loading part xc7s15ftgb196-1
INFO: [Project 1-570] Preparing netlist for logic optimization

Processing XDC Constraints
Initializing timing engine
Parsing XDC File [e:/xujinyi/test/spartan_cam_2/spartan_cam/spartan_cam.srcs/sources_1/bd/system/ip/system_detect_0_0/constraints/detect_ooc.xdc] for cell 'inst'
Finished Parsing XDC File [e:/xujinyi/test/spartan_cam_2/spartan_cam/spartan_cam.srcs/sources_1/bd/system/ip/system_detect_0_0/constraints/detect_ooc.xdc] for cell 'inst'
Parsing XDC File [E:/xujinyi/test/spartan_cam_2/spartan_cam/spartan_cam.runs/system_detect_0_0_synth_1/dont_touch.xdc]
Finished Parsing XDC File [E:/xujinyi/test/spartan_cam_2/spartan_cam/spartan_cam.runs/system_detect_0_0_synth_1/dont_touch.xdc]
Completed Processing XDC Constraints

INFO: [Project 1-111] Unisim Transformation Summary:
No Unisim elements were transformed.

Constraint Validation Runtime : Time (s): cpu = 00:00:00 ; elapsed = 00:00:00.059 . Memory (MB): peak = 812.699 ; gain = 1.504
---------------------------------------------------------------------------------
Finished Constraint Validation : Time (s): cpu = 00:00:17 ; elapsed = 00:00:19 . Memory (MB): peak = 812.699 ; gain = 466.668
---------------------------------------------------------------------------------
---------------------------------------------------------------------------------
Start Loading Part and Timing Information
---------------------------------------------------------------------------------
Loading part: xc7s15ftgb196-1
---------------------------------------------------------------------------------
Finished Loading Part and Timing Information : Time (s): cpu = 00:00:17 ; elapsed = 00:00:19 . Memory (MB): peak = 812.699 ; gain = 466.668
---------------------------------------------------------------------------------
---------------------------------------------------------------------------------
Start Applying 'set_property' XDC Constraints
---------------------------------------------------------------------------------
Applied set_property DONT_TOUCH = true for inst. (constraint file  E:/xujinyi/test/spartan_cam_2/spartan_cam/spartan_cam.runs/system_detect_0_0_synth_1/dont_touch.xdc, line 9).
---------------------------------------------------------------------------------
Finished applying 'set_property' XDC Constraints : Time (s): cpu = 00:00:17 ; elapsed = 00:00:19 . Memory (MB): peak = 812.699 ; gain = 466.668
---------------------------------------------------------------------------------
INFO: [Synth 8-4490] FSM extraction disabled for register 'ap_CS_fsm_reg' through user attribute
INFO: [Synth 8-4490] FSM extraction disabled for register 'ap_CS_fsm_reg' through user attribute
INFO: [Synth 8-4490] FSM extraction disabled for register 'ap_CS_fsm_reg' through user attribute
INFO: [Synth 8-4490] FSM extraction disabled for register 'ap_CS_fsm_reg' through user attribute
INFO: [Synth 8-5546] ROM "exitcond_flatten_fu_118_p2" won't be mapped to RAM because it is too sparse
INFO: [Synth 8-5544] ROM "internal_empty_n" won't be mapped to Block RAM because address size (2) smaller than threshold (5)
INFO: [Synth 8-5544] ROM "internal_empty_n" won't be mapped to Block RAM because address size (2) smaller than threshold (5)
INFO: [Synth 8-5544] ROM "internal_empty_n" won't be mapped to Block RAM because address size (2) smaller than threshold (5)
INFO: [Synth 8-5544] ROM "internal_empty_n" won't be mapped to Block RAM because address size (2) smaller than threshold (5)
INFO: [Synth 8-5544] ROM "internal_empty_n" won't be mapped to Block RAM because address size (3) smaller than threshold (5)
INFO: [Synth 8-5544] ROM "internal_full_n" won't be mapped to Block RAM because address size (3) smaller than threshold (5)
INFO: [Synth 8-5544] ROM "internal_empty_n" won't be mapped to Block RAM because address size (3) smaller than threshold (5)
INFO: [Synth 8-5544] ROM "internal_full_n" won't be mapped to Block RAM because address size (3) smaller than threshold (5)
---------------------------------------------------------------------------------
Finished RTL Optimization Phase 2 : Time (s): cpu = 00:00:18 ; elapsed = 00:00:20 . Memory (MB): peak = 812.699 ; gain = 466.668
---------------------------------------------------------------------------------

Report RTL Partitions: 
+-+--------------+------------+----------+
| |RTL Partition |Replication |Instances |
+-+--------------+------------+----------+
+-+--------------+------------+----------+
---------------------------------------------------------------------------------
Start RTL Component Statistics 
---------------------------------------------------------------------------------
Detailed RTL Component Info : 
+---Adders : 
	   2 Input     32 Bit       Adders := 7     
	   2 Input     31 Bit       Adders := 1     
	   2 Input      8 Bit       Adders := 1     
	   2 Input      3 Bit       Adders := 2     
	   2 Input      2 Bit       Adders := 10    
+---XORs : 
	   2 Input      1 Bit         XORs := 6     
+---Registers : 
	               32 Bit    Registers := 14    
	               31 Bit    Registers := 2     
	               30 Bit    Registers := 1     
	               29 Bit    Registers := 1     
	               24 Bit    Registers := 6     
	                8 Bit    Registers := 15    
	                6 Bit    Registers := 1     
	                4 Bit    Registers := 4     
	                3 Bit    Registers := 2     
	                2 Bit    Registers := 19    
	                1 Bit    Registers := 76    
+---Muxes : 
	   2 Input     32 Bit        Muxes := 7     
	   2 Input     24 Bit        Muxes := 13    
	   3 Input      8 Bit        Muxes := 1     
	   2 Input      8 Bit        Muxes := 5     
	   3 Input      6 Bit        Muxes := 1     
	   2 Input      6 Bit        Muxes := 1     
	   2 Input      5 Bit        Muxes := 1     
	   3 Input      4 Bit        Muxes := 1     
	   2 Input      4 Bit        Muxes := 4     
	   3 Input      3 Bit        Muxes := 2     
	   2 Input      3 Bit        Muxes := 1     
	   2 Input      2 Bit        Muxes := 13    
	   4 Input      2 Bit        Muxes := 4     
	   2 Input      1 Bit        Muxes := 98    
---------------------------------------------------------------------------------
Finished RTL Component Statistics 
---------------------------------------------------------------------------------
---------------------------------------------------------------------------------
Start RTL Hierarchical Component Statistics 
---------------------------------------------------------------------------------
Hierarchical RTL Component report 
Module Block_Mat_exit6_proc 
Detailed RTL Component Info : 
+---Registers : 
	                1 Bit    Registers := 2     
+---Muxes : 
	   2 Input      1 Bit        Muxes := 2     
Module AXIvideo2Mat 
Detailed RTL Component Info : 
+---Adders : 
	   2 Input     32 Bit       Adders := 1     
+---Registers : 
	               32 Bit    Registers := 4     
	               24 Bit    Registers := 6     
	                8 Bit    Registers := 1     
	                2 Bit    Registers := 4     
	                1 Bit    Registers := 25    
+---Muxes : 
	   2 Input     24 Bit        Muxes := 13    
	   3 Input      8 Bit        Muxes := 1     
	   3 Input      6 Bit        Muxes := 1     
	   2 Input      5 Bit        Muxes := 1     
	   3 Input      3 Bit        Muxes := 1     
	   2 Input      2 Bit        Muxes := 5     
	   4 Input      2 Bit        Muxes := 4     
	   2 Input      1 Bit        Muxes := 26    
Module CvtColor 
Detailed RTL Component Info : 
+---Adders : 
	   2 Input     31 Bit       Adders := 1     
	   2 Input      8 Bit       Adders := 1     
+---XORs : 
	   2 Input      1 Bit         XORs := 1     
+---Registers : 
	               32 Bit    Registers := 2     
	               31 Bit    Registers := 2     
	               30 Bit    Registers := 1     
	               29 Bit    Registers := 1     
	                8 Bit    Registers := 6     
	                4 Bit    Registers := 1     
	                1 Bit    Registers := 12    
+---Muxes : 
	   2 Input      8 Bit        Muxes := 1     
	   3 Input      4 Bit        Muxes := 1     
	   2 Input      3 Bit        Muxes := 1     
	   2 Input      2 Bit        Muxes := 1     
	   2 Input      1 Bit        Muxes := 6     
Module segment 
Detailed RTL Component Info : 
+---Adders : 
	   2 Input     32 Bit       Adders := 6     
+---XORs : 
	   2 Input      1 Bit         XORs := 1     
+---Registers : 
	                6 Bit    Registers := 1     
	                2 Bit    Registers := 1     
	                1 Bit    Registers := 7     
+---Muxes : 
	   2 Input     32 Bit        Muxes := 3     
	   2 Input      6 Bit        Muxes := 1     
	   3 Input      3 Bit        Muxes := 1     
	   2 Input      2 Bit        Muxes := 4     
	   2 Input      1 Bit        Muxes := 9     
Module Block_Mat_exit610_pr 
Detailed RTL Component Info : 
+---Registers : 
	                2 Bit    Registers := 2     
	                1 Bit    Registers := 2     
+---Muxes : 
	   2 Input      4 Bit        Muxes := 1     
	   2 Input      1 Bit        Muxes := 2     
Module p_detectRoadSign_det 
Detailed RTL Component Info : 
+---Registers : 
	                4 Bit    Registers := 1     
	                1 Bit    Registers := 2     
+---Muxes : 
	   2 Input      4 Bit        Muxes := 2     
	   2 Input      1 Bit        Muxes := 2     
Module fifo_w32_d2_A_shiftReg 
Detailed RTL Component Info : 
+---Registers : 
	               32 Bit    Registers := 2     
+---Muxes : 
	   2 Input     32 Bit        Muxes := 1     
Module fifo_w32_d2_A 
Detailed RTL Component Info : 
+---Adders : 
	   2 Input      2 Bit       Adders := 1     
+---Registers : 
	                2 Bit    Registers := 1     
	                1 Bit    Registers := 2     
+---Muxes : 
	   2 Input      1 Bit        Muxes := 4     
Module fifo_w8_d2_A_shiftReg 
Detailed RTL Component Info : 
+---Registers : 
	                8 Bit    Registers := 2     
+---Muxes : 
	   2 Input      8 Bit        Muxes := 1     
Module fifo_w8_d2_A 
Detailed RTL Component Info : 
+---Adders : 
	   2 Input      2 Bit       Adders := 1     
+---Registers : 
	                2 Bit    Registers := 1     
	                1 Bit    Registers := 2     
+---Muxes : 
	   2 Input      1 Bit        Muxes := 4     
Module fifo_w2_d2_A_shiftReg 
Detailed RTL Component Info : 
+---Registers : 
	                2 Bit    Registers := 2     
+---Muxes : 
	   2 Input      2 Bit        Muxes := 1     
Module fifo_w2_d2_A 
Detailed RTL Component Info : 
+---Adders : 
	   2 Input      2 Bit       Adders := 1     
+---Registers : 
	                2 Bit    Registers := 1     
	                1 Bit    Registers := 2     
+---Muxes : 
	   2 Input      1 Bit        Muxes := 4     
Module fifo_w4_d2_A_shiftReg 
Detailed RTL Component Info : 
+---Registers : 
	                4 Bit    Registers := 2     
+---Muxes : 
	   2 Input      4 Bit        Muxes := 1     
Module fifo_w4_d2_A 
Detailed RTL Component Info : 
+---Adders : 
	   2 Input      2 Bit       Adders := 1     
+---Registers : 
	                2 Bit    Registers := 1     
	                1 Bit    Registers := 2     
+---Muxes : 
	   2 Input      1 Bit        Muxes := 4     
Module start_for_CvtColoeOg 
Detailed RTL Component Info : 
+---Adders : 
	   2 Input      3 Bit       Adders := 1     
+---Registers : 
	                3 Bit    Registers := 1     
	                1 Bit    Registers := 2     
+---Muxes : 
	   2 Input      2 Bit        Muxes := 1     
	   2 Input      1 Bit        Muxes := 5     
Module start_for_segmentfYi 
Detailed RTL Component Info : 
+---Adders : 
	   2 Input      3 Bit       Adders := 1     
+---Registers : 
	                3 Bit    Registers := 1     
	                1 Bit    Registers := 2     
+---Muxes : 
	   2 Input      2 Bit        Muxes := 1     
	   2 Input      1 Bit        Muxes := 5     
Module detect 
Detailed RTL Component Info : 
+---XORs : 
	   2 Input      1 Bit         XORs := 4     
+---Registers : 
	                1 Bit    Registers := 2     
+---Muxes : 
	   2 Input      1 Bit        Muxes := 1     
---------------------------------------------------------------------------------
Finished RTL Hierarchical Component Statistics
---------------------------------------------------------------------------------
---------------------------------------------------------------------------------
Start Part Resource Summary
---------------------------------------------------------------------------------
Part Resources:
DSPs: 20 (col length:20)
BRAMs: 20 (col length: RAMB18 20 RAMB36 10)
---------------------------------------------------------------------------------
Finished Part Resource Summary
---------------------------------------------------------------------------------
---------------------------------------------------------------------------------
Start Cross Boundary and Area Optimization
---------------------------------------------------------------------------------
Warning: Parallel synthesis criteria is not met 
INFO: [Synth 8-5544] ROM "data41" won't be mapped to Block RAM because address size (1) smaller than threshold (5)
WARNING: [Synth 8-6014] Unused sequential element r_V_i_i_reg_388_reg was removed.  [e:/xujinyi/test/spartan_cam_2/spartan_cam/spartan_cam.srcs/sources_1/bd/system/ipshared/690e/hdl/verilog/CvtColor.v:212]
WARNING: [Synth 8-6014] Unused sequential element tmp_13_reg_378_reg was removed.  [e:/xujinyi/test/spartan_cam_2/spartan_cam/spartan_cam.srcs/sources_1/bd/system/ipshared/690e/hdl/verilog/CvtColor.v:357]
WARNING: [Synth 8-6014] Unused sequential element tmp_13_reg_378_pp0_iter2_reg_reg was removed.  [e:/xujinyi/test/spartan_cam_2/spartan_cam/spartan_cam.srcs/sources_1/bd/system/ipshared/690e/hdl/verilog/CvtColor.v:364]
WARNING: [Synth 8-6014] Unused sequential element tmp_14_reg_383_reg was removed.  [e:/xujinyi/test/spartan_cam_2/spartan_cam/spartan_cam.srcs/sources_1/bd/system/ipshared/690e/hdl/verilog/CvtColor.v:358]
WARNING: [Synth 8-6014] Unused sequential element tmp_14_reg_383_pp0_iter2_reg_reg was removed.  [e:/xujinyi/test/spartan_cam_2/spartan_cam/spartan_cam.srcs/sources_1/bd/system/ipshared/690e/hdl/verilog/CvtColor.v:365]
WARNING: [Synth 8-6014] Unused sequential element tmp_12_reg_373_reg was removed.  [e:/xujinyi/test/spartan_cam_2/spartan_cam/spartan_cam.srcs/sources_1/bd/system/ipshared/690e/hdl/verilog/CvtColor.v:356]
WARNING: [Synth 8-6014] Unused sequential element  was removed.  [e:/xujinyi/test/spartan_cam_2/spartan_cam/spartan_cam.srcs/sources_1/bd/system/ipshared/690e/hdl/verilog/detect_mac_muladddEe.v:26]
WARNING: [Synth 8-6014] Unused sequential element  was removed.  [e:/xujinyi/test/spartan_cam_2/spartan_cam/spartan_cam.srcs/sources_1/bd/system/ipshared/690e/hdl/verilog/detect_mac_muladddEe.v:26]
WARNING: [Synth 8-6014] Unused sequential element  was removed.  [e:/xujinyi/test/spartan_cam_2/spartan_cam/spartan_cam.srcs/sources_1/bd/system/ipshared/690e/hdl/verilog/detect_mac_muladdcud.v:26]
WARNING: [Synth 8-6014] Unused sequential element  was removed.  [e:/xujinyi/test/spartan_cam_2/spartan_cam/spartan_cam.srcs/sources_1/bd/system/ipshared/690e/hdl/verilog/detect_mac_muladdcud.v:26]
DSP Report: Generating DSP r_V_i_i_reg_388_reg, operation Mode is: ((A:0x1322d0)*B2)'.
DSP Report: register tmp_12_reg_373_reg is absorbed into DSP r_V_i_i_reg_388_reg.
DSP Report: register r_V_i_i_reg_388_reg is absorbed into DSP r_V_i_i_reg_388_reg.
DSP Report: operator detect_mul_mul_8nbkb_U19/detect_mul_mul_8nbkb_DSP48_0_U/p is absorbed into DSP r_V_i_i_reg_388_reg.
DSP Report: Generating DSP detect_mac_muladddEe_U21/detect_mac_muladddEe_DSP48_2_U/p, operation Mode is: PCIN+(A:0x74bc6)*B''.
DSP Report: register B is absorbed into DSP detect_mac_muladddEe_U21/detect_mac_muladddEe_DSP48_2_U/p.
DSP Report: register B is absorbed into DSP detect_mac_muladddEe_U21/detect_mac_muladddEe_DSP48_2_U/p.
DSP Report: operator detect_mac_muladddEe_U21/detect_mac_muladddEe_DSP48_2_U/p is absorbed into DSP detect_mac_muladddEe_U21/detect_mac_muladddEe_DSP48_2_U/p.
DSP Report: operator detect_mac_muladddEe_U21/detect_mac_muladddEe_DSP48_2_U/m is absorbed into DSP detect_mac_muladddEe_U21/detect_mac_muladddEe_DSP48_2_U/p.
DSP Report: Generating DSP detect_mac_muladdcud_U20/detect_mac_muladdcud_DSP48_1_U/p, operation Mode is: C+(A:0x259168)*B''.
DSP Report: register B is absorbed into DSP detect_mac_muladdcud_U20/detect_mac_muladdcud_DSP48_1_U/p.
DSP Report: register B is absorbed into DSP detect_mac_muladdcud_U20/detect_mac_muladdcud_DSP48_1_U/p.
DSP Report: operator detect_mac_muladdcud_U20/detect_mac_muladdcud_DSP48_1_U/p is absorbed into DSP detect_mac_muladdcud_U20/detect_mac_muladdcud_DSP48_1_U/p.
DSP Report: operator detect_mac_muladdcud_U20/detect_mac_muladdcud_DSP48_1_U/m is absorbed into DSP detect_mac_muladdcud_U20/detect_mac_muladdcud_DSP48_1_U/p.
INFO: [Synth 8-5546] ROM "exitcond_flatten_fu_118_p2" won't be mapped to RAM because it is too sparse
INFO: [Synth 8-4471] merging register 'Block_Mat_exit610_pr_U0/ap_CS_fsm_reg[0:0]' into 'Block_Mat_exit6_proc_U0/ap_CS_fsm_reg[0:0]' [e:/xujinyi/test/spartan_cam_2/spartan_cam/spartan_cam.srcs/sources_1/bd/system/ipshared/690e/hdl/verilog/Block_Mat_exit610_pr.v:56]
INFO: [Synth 8-4471] merging register 'p_detectRoadSign_det_U0/ap_CS_fsm_reg[0:0]' into 'Block_Mat_exit6_proc_U0/ap_CS_fsm_reg[0:0]' [e:/xujinyi/test/spartan_cam_2/spartan_cam/spartan_cam.srcs/sources_1/bd/system/ipshared/690e/hdl/verilog/p_detectRoadSign_det.v:55]
WARNING: [Synth 8-6014] Unused sequential element Block_Mat_exit610_pr_U0/ap_CS_fsm_reg was removed.  [e:/xujinyi/test/spartan_cam_2/spartan_cam/spartan_cam.srcs/sources_1/bd/system/ipshared/690e/hdl/verilog/Block_Mat_exit610_pr.v:56]
WARNING: [Synth 8-6014] Unused sequential element p_detectRoadSign_det_U0/ap_CS_fsm_reg was removed.  [e:/xujinyi/test/spartan_cam_2/spartan_cam/spartan_cam.srcs/sources_1/bd/system/ipshared/690e/hdl/verilog/p_detectRoadSign_det.v:55]
WARNING: [Synth 8-3331] design AXIvideo2Mat has unconnected port src_axi_TKEEP[2]
WARNING: [Synth 8-3331] design AXIvideo2Mat has unconnected port src_axi_TKEEP[1]
WARNING: [Synth 8-3331] design AXIvideo2Mat has unconnected port src_axi_TKEEP[0]
WARNING: [Synth 8-3331] design AXIvideo2Mat has unconnected port src_axi_TSTRB[2]
WARNING: [Synth 8-3331] design AXIvideo2Mat has unconnected port src_axi_TSTRB[1]
WARNING: [Synth 8-3331] design AXIvideo2Mat has unconnected port src_axi_TSTRB[0]
WARNING: [Synth 8-3331] design AXIvideo2Mat has unconnected port src_axi_TID[0]
WARNING: [Synth 8-3331] design AXIvideo2Mat has unconnected port src_axi_TDEST[0]
INFO: [Synth 8-3333] propagating constant 0 across sequential element (inst/\CvtColor_U0/ap_done_reg_reg )
INFO: [Synth 8-3333] propagating constant 0 across sequential element (inst/\AXIvideo2Mat_U0/ap_done_reg_reg )
INFO: [Synth 8-3886] merging instance 'inst/Block_Mat_exit610_pr_U0/ap_return_preg_reg[2]' (FD) to 'inst/Block_Mat_exit610_pr_U0/ap_return_preg_reg[3]'
INFO: [Synth 8-3333] propagating constant 0 across sequential element (inst/\Block_Mat_exit610_pr_U0/ap_return_preg_reg[3] )
INFO: [Synth 8-3333] propagating constant 0 across sequential element (inst/\Block_Mat_exit6_proc_U0/ap_done_reg_reg )
INFO: [Synth 8-3333] propagating constant 1 across sequential element (inst/\Block_Mat_exit6_proc_U0/ap_CS_fsm_reg[0] )
INFO: [Synth 8-3333] propagating constant 0 across sequential element (inst/\p_detectRoadSign_det_U0/ap_done_reg_reg )
INFO: [Synth 8-3886] merging instance 'inst/tmp_U/U_fifo_w4_d2_A_ram/SRL_SIG_reg[0][2]' (FDE) to 'inst/tmp_U/U_fifo_w4_d2_A_ram/SRL_SIG_reg[0][3]'
INFO: [Synth 8-3886] merging instance 'inst/tmp_U/U_fifo_w4_d2_A_ram/SRL_SIG_reg[1][3]' (FDE) to 'inst/tmp_U/U_fifo_w4_d2_A_ram/SRL_SIG_reg[1][2]'
INFO: [Synth 8-3333] propagating constant 0 across sequential element (inst/\tmp_U/U_fifo_w4_d2_A_ram/SRL_SIG_reg[0][3] )
INFO: [Synth 8-3886] merging instance 'inst/tmp_U/U_fifo_w4_d2_A_ram/SRL_SIG_reg[0][3]' (FDE) to 'inst/tmp_U/U_fifo_w4_d2_A_ram/SRL_SIG_reg[1][2]'
INFO: [Synth 8-3333] propagating constant 0 across sequential element (inst/\tmp_U/U_fifo_w4_d2_A_ram/SRL_SIG_reg[1][2] )
WARNING: [Synth 8-3332] Sequential element (AXIvideo2Mat_U0/ap_done_reg_reg) is unused and will be removed from module detect.
WARNING: [Synth 8-3332] Sequential element (CvtColor_U0/ap_done_reg_reg) is unused and will be removed from module detect.
WARNING: [Synth 8-3332] Sequential element (CvtColor_U0/r_V_1_reg_393_reg[28]) is unused and will be removed from module detect.
WARNING: [Synth 8-3332] Sequential element (CvtColor_U0/r_V_1_reg_393_reg[27]) is unused and will be removed from module detect.
WARNING: [Synth 8-3332] Sequential element (CvtColor_U0/r_V_1_reg_393_reg[26]) is unused and will be removed from module detect.
WARNING: [Synth 8-3332] Sequential element (CvtColor_U0/r_V_1_reg_393_reg[25]) is unused and will be removed from module detect.
WARNING: [Synth 8-3332] Sequential element (CvtColor_U0/r_V_1_reg_393_reg[24]) is unused and will be removed from module detect.
WARNING: [Synth 8-3332] Sequential element (CvtColor_U0/r_V_1_reg_393_reg[23]) is unused and will be removed from module detect.
WARNING: [Synth 8-3332] Sequential element (CvtColor_U0/r_V_1_reg_393_reg[22]) is unused and will be removed from module detect.
WARNING: [Synth 8-3332] Sequential element (CvtColor_U0/r_V_1_reg_393_reg[21]) is unused and will be removed from module detect.
WARNING: [Synth 8-3332] Sequential element (CvtColor_U0/r_V_1_reg_393_reg[20]) is unused and will be removed from module detect.
WARNING: [Synth 8-3332] Sequential element (CvtColor_U0/r_V_1_reg_393_reg[19]) is unused and will be removed from module detect.
WARNING: [Synth 8-3332] Sequential element (CvtColor_U0/r_V_1_reg_393_reg[18]) is unused and will be removed from module detect.
WARNING: [Synth 8-3332] Sequential element (CvtColor_U0/r_V_1_reg_393_reg[17]) is unused and will be removed from module detect.
WARNING: [Synth 8-3332] Sequential element (CvtColor_U0/r_V_1_reg_393_reg[16]) is unused and will be removed from module detect.
WARNING: [Synth 8-3332] Sequential element (CvtColor_U0/r_V_1_reg_393_reg[15]) is unused and will be removed from module detect.
WARNING: [Synth 8-3332] Sequential element (CvtColor_U0/r_V_1_reg_393_reg[14]) is unused and will be removed from module detect.
WARNING: [Synth 8-3332] Sequential element (CvtColor_U0/r_V_1_reg_393_reg[13]) is unused and will be removed from module detect.
WARNING: [Synth 8-3332] Sequential element (CvtColor_U0/r_V_1_reg_393_reg[12]) is unused and will be removed from module detect.
WARNING: [Synth 8-3332] Sequential element (CvtColor_U0/r_V_1_reg_393_reg[11]) is unused and will be removed from module detect.
WARNING: [Synth 8-3332] Sequential element (CvtColor_U0/r_V_1_reg_393_reg[10]) is unused and will be removed from module detect.
WARNING: [Synth 8-3332] Sequential element (CvtColor_U0/r_V_1_reg_393_reg[9]) is unused and will be removed from module detect.
WARNING: [Synth 8-3332] Sequential element (CvtColor_U0/r_V_1_reg_393_reg[8]) is unused and will be removed from module detect.
WARNING: [Synth 8-3332] Sequential element (CvtColor_U0/r_V_1_reg_393_reg[7]) is unused and will be removed from module detect.
WARNING: [Synth 8-3332] Sequential element (CvtColor_U0/r_V_1_reg_393_reg[6]) is unused and will be removed from module detect.
WARNING: [Synth 8-3332] Sequential element (CvtColor_U0/r_V_1_reg_393_reg[5]) is unused and will be removed from module detect.
WARNING: [Synth 8-3332] Sequential element (CvtColor_U0/r_V_1_reg_393_reg[4]) is unused and will be removed from module detect.
WARNING: [Synth 8-3332] Sequential element (CvtColor_U0/r_V_1_reg_393_reg[3]) is unused and will be removed from module detect.
WARNING: [Synth 8-3332] Sequential element (CvtColor_U0/r_V_1_reg_393_reg[2]) is unused and will be removed from module detect.
WARNING: [Synth 8-3332] Sequential element (CvtColor_U0/r_V_1_reg_393_reg[1]) is unused and will be removed from module detect.
WARNING: [Synth 8-3332] Sequential element (CvtColor_U0/r_V_1_reg_393_reg[0]) is unused and will be removed from module detect.
WARNING: [Synth 8-3332] Sequential element (img1_data_stream_0_s_U/U_fifo_w8_d2_A_ram/SRL_SIG_reg[0][0]) is unused and will be removed from module detect.
WARNING: [Synth 8-3332] Sequential element (img1_data_stream_0_s_U/U_fifo_w8_d2_A_ram/SRL_SIG_reg[1][0]) is unused and will be removed from module detect.
WARNING: [Synth 8-3332] Sequential element (Block_Mat_exit6_proc_U0/ap_done_reg_reg) is unused and will be removed from module detect.
WARNING: [Synth 8-3332] Sequential element (Block_Mat_exit6_proc_U0/ap_CS_fsm_reg[0]) is unused and will be removed from module detect.
WARNING: [Synth 8-3332] Sequential element (p_detectRoadSign_det_U0/ap_done_reg_reg) is unused and will be removed from module detect.
WARNING: [Synth 8-3332] Sequential element (p_detectRoadSign_det_U0/ap_return_preg_reg[3]) is unused and will be removed from module detect.
WARNING: [Synth 8-3332] Sequential element (p_detectRoadSign_det_U0/ap_return_preg_reg[2]) is unused and will be removed from module detect.
WARNING: [Synth 8-3332] Sequential element (tmp_U/U_fifo_w4_d2_A_ram/SRL_SIG_reg[1][2]) is unused and will be removed from module detect.
---------------------------------------------------------------------------------
Finished Cross Boundary and Area Optimization : Time (s): cpu = 00:00:24 ; elapsed = 00:00:26 . Memory (MB): peak = 812.699 ; gain = 466.668
---------------------------------------------------------------------------------
---------------------------------------------------------------------------------
Start ROM, RAM, DSP and Shift Register Reporting
---------------------------------------------------------------------------------

DSP: Preliminary Mapping  Report (see note below)
+------------+----------------------+--------+--------+--------+--------+--------+------+------+------+------+-------+------+------+
|Module Name | DSP Mapping          | A Size | B Size | C Size | D Size | P Size | AREG | BREG | CREG | DREG | ADREG | MREG | PREG | 
+------------+----------------------+--------+--------+--------+--------+--------+------+------+------+------+-------+------+------+
|CvtColor    | ((A:0x1322d0)*B2)'   | 21     | 8      | -      | -      | 29     | 0    | 1    | -    | -    | -     | 1    | 0    | 
|CvtColor    | PCIN+(A:0x74bc6)*B'' | 20     | 9      | -      | -      | 29     | 0    | 2    | -    | -    | -     | 0    | 0    | 
|CvtColor    | C+(A:0x259168)*B''   | 23     | 9      | 30     | -      | 30     | 0    | 2    | 0    | -    | -     | 0    | 0    | 
+------------+----------------------+--------+--------+--------+--------+--------+------+------+------+------+-------+------+------+

Note: The table above is a preliminary report that shows the DSPs inferred at the current stage of the synthesis flow. Some DSP may be reimplemented as non DSP primitives later in the synthesis flow. Multiple instantiated DSPs are reported only once.
---------------------------------------------------------------------------------
Finished ROM, RAM, DSP and Shift Register Reporting
---------------------------------------------------------------------------------

Report RTL Partitions: 
+-+--------------+------------+----------+
| |RTL Partition |Replication |Instances |
+-+--------------+------------+----------+
+-+--------------+------------+----------+
---------------------------------------------------------------------------------
Start Applying XDC Timing Constraints
---------------------------------------------------------------------------------
---------------------------------------------------------------------------------
Finished Applying XDC Timing Constraints : Time (s): cpu = 00:00:43 ; elapsed = 00:00:47 . Memory (MB): peak = 860.254 ; gain = 514.223
---------------------------------------------------------------------------------
---------------------------------------------------------------------------------
Start Timing Optimization
---------------------------------------------------------------------------------
---------------------------------------------------------------------------------
Finished Timing Optimization : Time (s): cpu = 00:00:43 ; elapsed = 00:00:47 . Memory (MB): peak = 863.855 ; gain = 517.824
---------------------------------------------------------------------------------

Report RTL Partitions: 
+-+--------------+------------+----------+
| |RTL Partition |Replication |Instances |
+-+--------------+------------+----------+
+-+--------------+------------+----------+
---------------------------------------------------------------------------------
Start Technology Mapping
---------------------------------------------------------------------------------
INFO: [Synth 8-3886] merging instance 'inst/img_01_cols_V_c16_U/U_fifo_w32_d2_A_ram/SRL_SIG_reg[0][0]' (FDE) to 'inst/AXIvideo2Mat_U0/cols_V_reg_472_reg[0]'
INFO: [Synth 8-3886] merging instance 'inst/img_01_cols_V_c16_U/U_fifo_w32_d2_A_ram/SRL_SIG_reg[0][1]' (FDE) to 'inst/AXIvideo2Mat_U0/cols_V_reg_472_reg[1]'
INFO: [Synth 8-3886] merging instance 'inst/img_01_cols_V_c16_U/U_fifo_w32_d2_A_ram/SRL_SIG_reg[0][2]' (FDE) to 'inst/AXIvideo2Mat_U0/cols_V_reg_472_reg[2]'
INFO: [Synth 8-3886] merging instance 'inst/img_01_cols_V_c16_U/U_fifo_w32_d2_A_ram/SRL_SIG_reg[0][3]' (FDE) to 'inst/AXIvideo2Mat_U0/cols_V_reg_472_reg[3]'
INFO: [Synth 8-3886] merging instance 'inst/img_01_cols_V_c16_U/U_fifo_w32_d2_A_ram/SRL_SIG_reg[0][4]' (FDE) to 'inst/AXIvideo2Mat_U0/cols_V_reg_472_reg[4]'
INFO: [Synth 8-3886] merging instance 'inst/img_01_cols_V_c16_U/U_fifo_w32_d2_A_ram/SRL_SIG_reg[0][5]' (FDE) to 'inst/AXIvideo2Mat_U0/cols_V_reg_472_reg[5]'
INFO: [Synth 8-3886] merging instance 'inst/img_01_cols_V_c16_U/U_fifo_w32_d2_A_ram/SRL_SIG_reg[0][6]' (FDE) to 'inst/AXIvideo2Mat_U0/cols_V_reg_472_reg[6]'
INFO: [Synth 8-3886] merging instance 'inst/img_01_cols_V_c16_U/U_fifo_w32_d2_A_ram/SRL_SIG_reg[0][7]' (FDE) to 'inst/AXIvideo2Mat_U0/cols_V_reg_472_reg[7]'
INFO: [Synth 8-3886] merging instance 'inst/img_01_cols_V_c16_U/U_fifo_w32_d2_A_ram/SRL_SIG_reg[0][8]' (FDE) to 'inst/AXIvideo2Mat_U0/cols_V_reg_472_reg[8]'
INFO: [Synth 8-3886] merging instance 'inst/img_01_cols_V_c16_U/U_fifo_w32_d2_A_ram/SRL_SIG_reg[0][9]' (FDE) to 'inst/AXIvideo2Mat_U0/cols_V_reg_472_reg[9]'
INFO: [Synth 8-3886] merging instance 'inst/img_01_cols_V_c16_U/U_fifo_w32_d2_A_ram/SRL_SIG_reg[0][10]' (FDE) to 'inst/AXIvideo2Mat_U0/cols_V_reg_472_reg[10]'
INFO: [Synth 8-3886] merging instance 'inst/img_01_cols_V_c16_U/U_fifo_w32_d2_A_ram/SRL_SIG_reg[0][11]' (FDE) to 'inst/AXIvideo2Mat_U0/cols_V_reg_472_reg[11]'
INFO: [Synth 8-3886] merging instance 'inst/img_01_cols_V_c16_U/U_fifo_w32_d2_A_ram/SRL_SIG_reg[0][12]' (FDE) to 'inst/AXIvideo2Mat_U0/cols_V_reg_472_reg[12]'
INFO: [Synth 8-3886] merging instance 'inst/img_01_cols_V_c16_U/U_fifo_w32_d2_A_ram/SRL_SIG_reg[0][13]' (FDE) to 'inst/AXIvideo2Mat_U0/cols_V_reg_472_reg[13]'
INFO: [Synth 8-3886] merging instance 'inst/img_01_cols_V_c16_U/U_fifo_w32_d2_A_ram/SRL_SIG_reg[0][14]' (FDE) to 'inst/AXIvideo2Mat_U0/cols_V_reg_472_reg[14]'
INFO: [Synth 8-3886] merging instance 'inst/img_01_cols_V_c16_U/U_fifo_w32_d2_A_ram/SRL_SIG_reg[0][15]' (FDE) to 'inst/AXIvideo2Mat_U0/cols_V_reg_472_reg[15]'
INFO: [Synth 8-3886] merging instance 'inst/img_01_rows_V_c15_U/U_fifo_w32_d2_A_ram/SRL_SIG_reg[0][0]' (FDE) to 'inst/AXIvideo2Mat_U0/rows_V_reg_467_reg[0]'
INFO: [Synth 8-3886] merging instance 'inst/img_01_rows_V_c15_U/U_fifo_w32_d2_A_ram/SRL_SIG_reg[0][1]' (FDE) to 'inst/AXIvideo2Mat_U0/rows_V_reg_467_reg[1]'
INFO: [Synth 8-3886] merging instance 'inst/img_01_rows_V_c15_U/U_fifo_w32_d2_A_ram/SRL_SIG_reg[0][2]' (FDE) to 'inst/AXIvideo2Mat_U0/rows_V_reg_467_reg[2]'
INFO: [Synth 8-3886] merging instance 'inst/img_01_rows_V_c15_U/U_fifo_w32_d2_A_ram/SRL_SIG_reg[0][3]' (FDE) to 'inst/AXIvideo2Mat_U0/rows_V_reg_467_reg[3]'
INFO: [Synth 8-3886] merging instance 'inst/img_01_rows_V_c15_U/U_fifo_w32_d2_A_ram/SRL_SIG_reg[0][4]' (FDE) to 'inst/AXIvideo2Mat_U0/rows_V_reg_467_reg[4]'
INFO: [Synth 8-3886] merging instance 'inst/img_01_rows_V_c15_U/U_fifo_w32_d2_A_ram/SRL_SIG_reg[0][5]' (FDE) to 'inst/AXIvideo2Mat_U0/rows_V_reg_467_reg[5]'
INFO: [Synth 8-3886] merging instance 'inst/img_01_rows_V_c15_U/U_fifo_w32_d2_A_ram/SRL_SIG_reg[0][6]' (FDE) to 'inst/AXIvideo2Mat_U0/rows_V_reg_467_reg[6]'
INFO: [Synth 8-3886] merging instance 'inst/img_01_rows_V_c15_U/U_fifo_w32_d2_A_ram/SRL_SIG_reg[0][7]' (FDE) to 'inst/AXIvideo2Mat_U0/rows_V_reg_467_reg[7]'
INFO: [Synth 8-3886] merging instance 'inst/img_01_cols_V_c16_U/U_fifo_w32_d2_A_ram/SRL_SIG_reg[0][16]' (FDE) to 'inst/AXIvideo2Mat_U0/cols_V_reg_472_reg[16]'
INFO: [Synth 8-3886] merging instance 'inst/img_01_cols_V_c16_U/U_fifo_w32_d2_A_ram/SRL_SIG_reg[0][17]' (FDE) to 'inst/AXIvideo2Mat_U0/cols_V_reg_472_reg[17]'
INFO: [Synth 8-3886] merging instance 'inst/img_01_cols_V_c16_U/U_fifo_w32_d2_A_ram/SRL_SIG_reg[0][18]' (FDE) to 'inst/AXIvideo2Mat_U0/cols_V_reg_472_reg[18]'
INFO: [Synth 8-3886] merging instance 'inst/img_01_cols_V_c16_U/U_fifo_w32_d2_A_ram/SRL_SIG_reg[0][19]' (FDE) to 'inst/AXIvideo2Mat_U0/cols_V_reg_472_reg[19]'
INFO: [Synth 8-3886] merging instance 'inst/img_01_cols_V_c16_U/U_fifo_w32_d2_A_ram/SRL_SIG_reg[0][20]' (FDE) to 'inst/AXIvideo2Mat_U0/cols_V_reg_472_reg[20]'
INFO: [Synth 8-3886] merging instance 'inst/img_01_cols_V_c16_U/U_fifo_w32_d2_A_ram/SRL_SIG_reg[0][21]' (FDE) to 'inst/AXIvideo2Mat_U0/cols_V_reg_472_reg[21]'
INFO: [Synth 8-3886] merging instance 'inst/img_01_cols_V_c16_U/U_fifo_w32_d2_A_ram/SRL_SIG_reg[0][22]' (FDE) to 'inst/AXIvideo2Mat_U0/cols_V_reg_472_reg[22]'
INFO: [Synth 8-3886] merging instance 'inst/img_01_cols_V_c16_U/U_fifo_w32_d2_A_ram/SRL_SIG_reg[0][23]' (FDE) to 'inst/AXIvideo2Mat_U0/cols_V_reg_472_reg[23]'
INFO: [Synth 8-3886] merging instance 'inst/img_01_rows_V_c15_U/U_fifo_w32_d2_A_ram/SRL_SIG_reg[0][8]' (FDE) to 'inst/AXIvideo2Mat_U0/rows_V_reg_467_reg[8]'
INFO: [Synth 8-3886] merging instance 'inst/img_01_rows_V_c15_U/U_fifo_w32_d2_A_ram/SRL_SIG_reg[0][9]' (FDE) to 'inst/AXIvideo2Mat_U0/rows_V_reg_467_reg[9]'
INFO: [Synth 8-3886] merging instance 'inst/img_01_rows_V_c15_U/U_fifo_w32_d2_A_ram/SRL_SIG_reg[0][10]' (FDE) to 'inst/AXIvideo2Mat_U0/rows_V_reg_467_reg[10]'
INFO: [Synth 8-3886] merging instance 'inst/img_01_rows_V_c15_U/U_fifo_w32_d2_A_ram/SRL_SIG_reg[0][11]' (FDE) to 'inst/AXIvideo2Mat_U0/rows_V_reg_467_reg[11]'
INFO: [Synth 8-3886] merging instance 'inst/img_01_rows_V_c15_U/U_fifo_w32_d2_A_ram/SRL_SIG_reg[0][12]' (FDE) to 'inst/AXIvideo2Mat_U0/rows_V_reg_467_reg[12]'
INFO: [Synth 8-3886] merging instance 'inst/img_01_rows_V_c15_U/U_fifo_w32_d2_A_ram/SRL_SIG_reg[0][13]' (FDE) to 'inst/AXIvideo2Mat_U0/rows_V_reg_467_reg[13]'
INFO: [Synth 8-3886] merging instance 'inst/img_01_rows_V_c15_U/U_fifo_w32_d2_A_ram/SRL_SIG_reg[0][14]' (FDE) to 'inst/AXIvideo2Mat_U0/rows_V_reg_467_reg[14]'
INFO: [Synth 8-3886] merging instance 'inst/img_01_rows_V_c15_U/U_fifo_w32_d2_A_ram/SRL_SIG_reg[0][15]' (FDE) to 'inst/AXIvideo2Mat_U0/rows_V_reg_467_reg[15]'
INFO: [Synth 8-3886] merging instance 'inst/img_01_cols_V_c16_U/U_fifo_w32_d2_A_ram/SRL_SIG_reg[0][24]' (FDE) to 'inst/AXIvideo2Mat_U0/cols_V_reg_472_reg[24]'
INFO: [Synth 8-3886] merging instance 'inst/img_01_cols_V_c16_U/U_fifo_w32_d2_A_ram/SRL_SIG_reg[0][25]' (FDE) to 'inst/AXIvideo2Mat_U0/cols_V_reg_472_reg[25]'
INFO: [Synth 8-3886] merging instance 'inst/img_01_cols_V_c16_U/U_fifo_w32_d2_A_ram/SRL_SIG_reg[0][26]' (FDE) to 'inst/AXIvideo2Mat_U0/cols_V_reg_472_reg[26]'
INFO: [Synth 8-3886] merging instance 'inst/img_01_cols_V_c16_U/U_fifo_w32_d2_A_ram/SRL_SIG_reg[0][27]' (FDE) to 'inst/AXIvideo2Mat_U0/cols_V_reg_472_reg[27]'
INFO: [Synth 8-3886] merging instance 'inst/img_01_cols_V_c16_U/U_fifo_w32_d2_A_ram/SRL_SIG_reg[0][28]' (FDE) to 'inst/AXIvideo2Mat_U0/cols_V_reg_472_reg[28]'
INFO: [Synth 8-3886] merging instance 'inst/img_01_cols_V_c16_U/U_fifo_w32_d2_A_ram/SRL_SIG_reg[0][29]' (FDE) to 'inst/AXIvideo2Mat_U0/cols_V_reg_472_reg[29]'
INFO: [Synth 8-3886] merging instance 'inst/img_01_cols_V_c16_U/U_fifo_w32_d2_A_ram/SRL_SIG_reg[0][31]' (FDE) to 'inst/AXIvideo2Mat_U0/cols_V_reg_472_reg[31]'
INFO: [Synth 8-3886] merging instance 'inst/img_01_cols_V_c16_U/U_fifo_w32_d2_A_ram/SRL_SIG_reg[0][30]' (FDE) to 'inst/AXIvideo2Mat_U0/cols_V_reg_472_reg[30]'
INFO: [Synth 8-3886] merging instance 'inst/img_01_rows_V_c15_U/U_fifo_w32_d2_A_ram/SRL_SIG_reg[0][16]' (FDE) to 'inst/AXIvideo2Mat_U0/rows_V_reg_467_reg[16]'
INFO: [Synth 8-3886] merging instance 'inst/img_01_rows_V_c15_U/U_fifo_w32_d2_A_ram/SRL_SIG_reg[0][17]' (FDE) to 'inst/AXIvideo2Mat_U0/rows_V_reg_467_reg[17]'
INFO: [Synth 8-3886] merging instance 'inst/img_01_rows_V_c15_U/U_fifo_w32_d2_A_ram/SRL_SIG_reg[0][18]' (FDE) to 'inst/AXIvideo2Mat_U0/rows_V_reg_467_reg[18]'
INFO: [Synth 8-3886] merging instance 'inst/img_01_rows_V_c15_U/U_fifo_w32_d2_A_ram/SRL_SIG_reg[0][19]' (FDE) to 'inst/AXIvideo2Mat_U0/rows_V_reg_467_reg[19]'
INFO: [Synth 8-3886] merging instance 'inst/img_01_rows_V_c15_U/U_fifo_w32_d2_A_ram/SRL_SIG_reg[0][20]' (FDE) to 'inst/AXIvideo2Mat_U0/rows_V_reg_467_reg[20]'
INFO: [Synth 8-3886] merging instance 'inst/img_01_rows_V_c15_U/U_fifo_w32_d2_A_ram/SRL_SIG_reg[0][21]' (FDE) to 'inst/AXIvideo2Mat_U0/rows_V_reg_467_reg[21]'
INFO: [Synth 8-3886] merging instance 'inst/img_01_rows_V_c15_U/U_fifo_w32_d2_A_ram/SRL_SIG_reg[0][22]' (FDE) to 'inst/AXIvideo2Mat_U0/rows_V_reg_467_reg[22]'
INFO: [Synth 8-3886] merging instance 'inst/img_01_rows_V_c15_U/U_fifo_w32_d2_A_ram/SRL_SIG_reg[0][23]' (FDE) to 'inst/AXIvideo2Mat_U0/rows_V_reg_467_reg[23]'
INFO: [Synth 8-3886] merging instance 'inst/img_01_rows_V_c15_U/U_fifo_w32_d2_A_ram/SRL_SIG_reg[0][24]' (FDE) to 'inst/AXIvideo2Mat_U0/rows_V_reg_467_reg[24]'
INFO: [Synth 8-3886] merging instance 'inst/img_01_rows_V_c15_U/U_fifo_w32_d2_A_ram/SRL_SIG_reg[0][25]' (FDE) to 'inst/AXIvideo2Mat_U0/rows_V_reg_467_reg[25]'
INFO: [Synth 8-3886] merging instance 'inst/img_01_rows_V_c15_U/U_fifo_w32_d2_A_ram/SRL_SIG_reg[0][26]' (FDE) to 'inst/AXIvideo2Mat_U0/rows_V_reg_467_reg[26]'
INFO: [Synth 8-3886] merging instance 'inst/img_01_rows_V_c15_U/U_fifo_w32_d2_A_ram/SRL_SIG_reg[0][27]' (FDE) to 'inst/AXIvideo2Mat_U0/rows_V_reg_467_reg[27]'
INFO: [Synth 8-3886] merging instance 'inst/img_01_rows_V_c15_U/U_fifo_w32_d2_A_ram/SRL_SIG_reg[0][28]' (FDE) to 'inst/AXIvideo2Mat_U0/rows_V_reg_467_reg[28]'
INFO: [Synth 8-3886] merging instance 'inst/img_01_rows_V_c15_U/U_fifo_w32_d2_A_ram/SRL_SIG_reg[0][29]' (FDE) to 'inst/AXIvideo2Mat_U0/rows_V_reg_467_reg[29]'
INFO: [Synth 8-3886] merging instance 'inst/img_01_rows_V_c15_U/U_fifo_w32_d2_A_ram/SRL_SIG_reg[0][31]' (FDE) to 'inst/AXIvideo2Mat_U0/rows_V_reg_467_reg[31]'
INFO: [Synth 8-3886] merging instance 'inst/img_01_rows_V_c15_U/U_fifo_w32_d2_A_ram/SRL_SIG_reg[0][30]' (FDE) to 'inst/AXIvideo2Mat_U0/rows_V_reg_467_reg[30]'
---------------------------------------------------------------------------------
Finished Technology Mapping : Time (s): cpu = 00:00:45 ; elapsed = 00:00:48 . Memory (MB): peak = 885.305 ; gain = 539.273
---------------------------------------------------------------------------------

Report RTL Partitions: 
+-+--------------+------------+----------+
| |RTL Partition |Replication |Instances |
+-+--------------+------------+----------+
+-+--------------+------------+----------+
---------------------------------------------------------------------------------
Start IO Insertion
---------------------------------------------------------------------------------
---------------------------------------------------------------------------------
Start Flattening Before IO Insertion
---------------------------------------------------------------------------------
---------------------------------------------------------------------------------
Finished Flattening Before IO Insertion
---------------------------------------------------------------------------------
---------------------------------------------------------------------------------
Start Final Netlist Cleanup
---------------------------------------------------------------------------------
---------------------------------------------------------------------------------
Finished Final Netlist Cleanup
---------------------------------------------------------------------------------
---------------------------------------------------------------------------------
Finished IO Insertion : Time (s): cpu = 00:00:46 ; elapsed = 00:00:50 . Memory (MB): peak = 885.305 ; gain = 539.273
---------------------------------------------------------------------------------

Report Check Netlist: 
+------+------------------+-------+---------+-------+------------------+
|      |Item              |Errors |Warnings |Status |Description       |
+------+------------------+-------+---------+-------+------------------+
|1     |multi_driven_nets |      0|        0|Passed |Multi driven nets |
+------+------------------+-------+---------+-------+------------------+
---------------------------------------------------------------------------------
Start Renaming Generated Instances
---------------------------------------------------------------------------------
---------------------------------------------------------------------------------
Finished Renaming Generated Instances : Time (s): cpu = 00:00:46 ; elapsed = 00:00:50 . Memory (MB): peak = 885.305 ; gain = 539.273
---------------------------------------------------------------------------------

Report RTL Partitions: 
+-+--------------+------------+----------+
| |RTL Partition |Replication |Instances |
+-+--------------+------------+----------+
+-+--------------+------------+----------+
---------------------------------------------------------------------------------
Start Rebuilding User Hierarchy
---------------------------------------------------------------------------------
---------------------------------------------------------------------------------
Finished Rebuilding User Hierarchy : Time (s): cpu = 00:00:46 ; elapsed = 00:00:50 . Memory (MB): peak = 885.305 ; gain = 539.273
---------------------------------------------------------------------------------
---------------------------------------------------------------------------------
Start Renaming Generated Ports
---------------------------------------------------------------------------------
---------------------------------------------------------------------------------
Finished Renaming Generated Ports : Time (s): cpu = 00:00:46 ; elapsed = 00:00:50 . Memory (MB): peak = 885.305 ; gain = 539.273
---------------------------------------------------------------------------------
---------------------------------------------------------------------------------
Start Handling Custom Attributes
---------------------------------------------------------------------------------
---------------------------------------------------------------------------------
Finished Handling Custom Attributes : Time (s): cpu = 00:00:46 ; elapsed = 00:00:50 . Memory (MB): peak = 885.305 ; gain = 539.273
---------------------------------------------------------------------------------
---------------------------------------------------------------------------------
Start Renaming Generated Nets
---------------------------------------------------------------------------------
---------------------------------------------------------------------------------
Finished Renaming Generated Nets : Time (s): cpu = 00:00:46 ; elapsed = 00:00:50 . Memory (MB): peak = 885.305 ; gain = 539.273
---------------------------------------------------------------------------------
---------------------------------------------------------------------------------
Start ROM, RAM, DSP and Shift Register Reporting
---------------------------------------------------------------------------------

Dynamic Shift Register Report:
+------------+----------------+--------+------------+--------+---------+--------+--------+--------+
|Module Name | RTL Name       | Length | Data Width | SRL16E | SRLC32E | Mux F7 | Mux F8 | Mux F9 | 
+------------+----------------+--------+------------+--------+---------+--------+--------+--------+
|dsrl        | SRL_SIG_reg[2] | 1      | 1          | 1      | 0       | 0      | 0      | 0      | 
|dsrl__1     | SRL_SIG_reg[2] | 1      | 1          | 1      | 0       | 0      | 0      | 0      | 
+------------+----------------+--------+------------+--------+---------+--------+--------+--------+

---------------------------------------------------------------------------------
Finished ROM, RAM, DSP and Shift Register Reporting
---------------------------------------------------------------------------------
---------------------------------------------------------------------------------
Start Writing Synthesis Report
---------------------------------------------------------------------------------

Report BlackBoxes: 
+-+--------------+----------+
| |BlackBox name |Instances |
+-+--------------+----------+
+-+--------------+----------+

Report Cell Usage: 
+------+----------+------+
|      |Cell      |Count |
+------+----------+------+
|1     |CARRY4    |   130|
|2     |DSP48E1_1 |     1|
|3     |DSP48E1_2 |     1|
|4     |DSP48E1_3 |     1|
|5     |LUT1      |   178|
|6     |LUT2      |   113|
|7     |LUT3      |    99|
|8     |LUT4      |   258|
|9     |LUT5      |   166|
|10    |LUT6      |    87|
|11    |FDRE      |   875|
|12    |FDSE      |    36|
+------+----------+------+

Report Instance Areas: 
+------+---------------------------------------+-----------------------------+------+
|      |Instance                               |Module                       |Cells |
+------+---------------------------------------+-----------------------------+------+
|1     |top                                    |                             |  1945|
|2     |  inst                                 |detect                       |  1945|
|3     |    AXIvideo2Mat_U0                    |AXIvideo2Mat                 |   575|
|4     |    Block_Mat_exit610_pr_U0            |Block_Mat_exit610_pr         |     3|
|5     |    CvtColor_U0                        |CvtColor                     |   315|
|6     |      detect_mac_muladdcud_U20         |detect_mac_muladdcud         |     6|
|7     |        detect_mac_muladdcud_DSP48_1_U |detect_mac_muladdcud_DSP48_1 |     6|
|8     |      detect_mac_muladddEe_U21         |detect_mac_muladddEe         |     1|
|9     |        detect_mac_muladddEe_DSP48_2_U |detect_mac_muladddEe_DSP48_2 |     1|
|10    |    img1_data_stream_0_s_U             |fifo_w8_d2_A                 |    26|
|11    |      U_fifo_w8_d2_A_ram               |fifo_w8_d2_A_shiftReg_11     |    19|
|12    |    img_01_cols_V_c16_U                |fifo_w32_d2_A                |    72|
|13    |      U_fifo_w32_d2_A_ram              |fifo_w32_d2_A_shiftReg_10    |    64|
|14    |    img_01_cols_V_c_U                  |fifo_w32_d2_A_0              |   105|
|15    |      U_fifo_w32_d2_A_ram              |fifo_w32_d2_A_shiftReg_9     |    96|
|16    |    img_01_data_stream_0_U             |fifo_w8_d2_A_1               |    32|
|17    |      U_fifo_w8_d2_A_ram               |fifo_w8_d2_A_shiftReg_8      |    24|
|18    |    img_01_data_stream_1_U             |fifo_w8_d2_A_2               |    32|
|19    |      U_fifo_w8_d2_A_ram               |fifo_w8_d2_A_shiftReg_7      |    24|
|20    |    img_01_data_stream_2_U             |fifo_w8_d2_A_3               |    32|
|21    |      U_fifo_w8_d2_A_ram               |fifo_w8_d2_A_shiftReg        |    24|
|22    |    img_01_rows_V_c15_U                |fifo_w32_d2_A_4              |    72|
|23    |      U_fifo_w32_d2_A_ram              |fifo_w32_d2_A_shiftReg_6     |    64|
|24    |    img_01_rows_V_c_U                  |fifo_w32_d2_A_5              |   105|
|25    |      U_fifo_w32_d2_A_ram              |fifo_w32_d2_A_shiftReg       |    97|
|26    |    output_U                           |fifo_w2_d2_A                 |    16|
|27    |      U_fifo_w2_d2_A_ram               |fifo_w2_d2_A_shiftReg        |     6|
|28    |    p_detectRoadSign_det_U0            |p_detectRoadSign_det         |     2|
|29    |    segment_U0                         |segment                      |   510|
|30    |    start_for_CvtColoeOg_U             |start_for_CvtColoeOg         |    16|
|31    |    start_for_segmentfYi_U             |start_for_segmentfYi         |    13|
|32    |    tmp_U                              |fifo_w4_d2_A                 |    16|
|33    |      U_fifo_w4_d2_A_ram               |fifo_w4_d2_A_shiftReg        |     7|
+------+---------------------------------------+-----------------------------+------+
---------------------------------------------------------------------------------
Finished Writing Synthesis Report : Time (s): cpu = 00:00:46 ; elapsed = 00:00:50 . Memory (MB): peak = 885.305 ; gain = 539.273
---------------------------------------------------------------------------------
Synthesis finished with 0 errors, 0 critical warnings and 59 warnings.
Synthesis Optimization Runtime : Time (s): cpu = 00:00:33 ; elapsed = 00:00:41 . Memory (MB): peak = 885.305 ; gain = 233.523
Synthesis Optimization Complete : Time (s): cpu = 00:00:47 ; elapsed = 00:00:51 . Memory (MB): peak = 885.305 ; gain = 539.273
INFO: [Project 1-571] Translating synthesized netlist
INFO: [Netlist 29-17] Analyzing 133 Unisim elements for replacement
INFO: [Netlist 29-28] Unisim Transformation completed in 0 CPU seconds
INFO: [Project 1-570] Preparing netlist for logic optimization
INFO: [Opt 31-138] Pushed 0 inverter(s) to 0 load pin(s).
INFO: [Project 1-111] Unisim Transformation Summary:
No Unisim elements were transformed.

INFO: [Common 17-83] Releasing license: Synthesis
162 Infos, 74 Warnings, 0 Critical Warnings and 0 Errors encountered.
synth_design completed successfully
synth_design: Time (s): cpu = 00:00:49 ; elapsed = 00:00:54 . Memory (MB): peak = 885.305 ; gain = 551.668
WARNING: [Constraints 18-5210] No constraint will be written out.
INFO: [Common 17-1381] The checkpoint 'E:/xujinyi/test/spartan_cam_2/spartan_cam/spartan_cam.runs/system_detect_0_0_synth_1/system_detect_0_0.dcp' has been generated.
